<?xml version="1.0" encoding="UTF-8"?>
<coverage generated="1789466944370" clover="3.2.0">
  <project timestamp="1789466944370" name="All files">
    <metrics statements="504" coveredstatements="418" conditionals="365" coveredconditionals="210" methods="33" coveredmethods="32" elements="902" coveredelements="660" complexity="0" loc="504" ncloc="504" packages="1" files="2" classes="2"/>
    <file name="livekit.js" path="/Users/yazanqattous/Desktop/flutter_projects/calligro_app/functions/livekit.js">
      <metrics statements="246" coveredstatements="193" conditionals="155" coveredconditionals="86" methods="11" coveredmethods="11"/>
      <line num="1" count="1" type="stmt"/>
      <line num="2" count="1" type="stmt"/>
      <line num="3" count="1" type="stmt"/>
      <line num="4" count="1" type="stmt"/>
      <line num="5" count="1" type="stmt"/>
      <line num="6" count="1" type="stmt"/>
      <line num="7" count="1" type="stmt"/>
      <line num="12" count="1" type="stmt"/>
      <line num="13" count="1" type="stmt"/>
      <line num="14" count="1" type="stmt"/>
      <line num="15" count="1" type="stmt"/>
      <line num="16" count="1" type="stmt"/>
      <line num="17" count="1" type="stmt"/>
      <line num="23" count="6" type="stmt"/>
      <line num="29" count="1" type="stmt"/>
      <line num="36" count="4" type="cond" truecount="2" falsecount="0"/>
      <line num="37" count="1" type="stmt"/>
      <line num="40" count="3" type="stmt"/>
      <line num="41" count="3" type="cond" truecount="2" falsecount="0"/>
      <line num="42" count="1" type="stmt"/>
      <line num="45" count="2" type="stmt"/>
      <line num="47" count="2" type="stmt"/>
      <line num="49" count="2" type="stmt"/>
      <line num="54" count="2" type="cond" truecount="2" falsecount="0"/>
      <line num="55" count="1" type="stmt"/>
      <line num="58" count="1" type="stmt"/>
      <line num="59" count="1" type="cond" truecount="1" falsecount="1"/>
      <line num="61" count="1" type="stmt"/>
      <line num="62" count="1" type="cond" truecount="2" falsecount="0"/>
      <line num="63" count="1" type="stmt"/>
      <line num="66" count="1" type="cond" truecount="2" falsecount="3"/>
      <line num="67" count="0" type="stmt"/>
      <line num="71" count="1" type="stmt"/>
      <line num="72" count="1" type="stmt"/>
      <line num="73" count="1" type="stmt"/>
      <line num="76" count="1" type="stmt"/>
      <line num="77" count="1" type="stmt"/>
      <line num="79" count="1" type="cond" truecount="1" falsecount="2"/>
      <line num="82" count="1" type="cond" truecount="3" falsecount="1"/>
      <line num="83" count="1" type="stmt"/>
      <line num="89" count="1" type="cond" truecount="1" falsecount="1"/>
      <line num="91" count="1" type="stmt"/>
      <line num="102" count="1" type="cond" truecount="2" falsecount="2"/>
      <line num="103" count="0" type="stmt"/>
      <line num="106" count="1" type="stmt"/>
      <line num="108" count="1" type="stmt"/>
      <line num="112" count="1" type="stmt"/>
      <line num="114" count="1" type="stmt"/>
      <line num="117" count="1" type="stmt"/>
      <line num="118" count="1" type="stmt"/>
      <line num="129" count="0" type="stmt"/>
      <line num="132" count="1" type="stmt"/>
      <line num="138" count="1" type="stmt"/>
      <line num="139" count="1" type="cond" truecount="1" falsecount="1"/>
      <line num="140" count="0" type="stmt"/>
      <line num="147" count="1" type="stmt"/>
      <line num="154" count="6" type="cond" truecount="2" falsecount="0"/>
      <line num="156" count="5" type="stmt"/>
      <line num="157" count="5" type="cond" truecount="3" falsecount="1"/>
      <line num="158" count="0" type="stmt"/>
      <line num="161" count="5" type="stmt"/>
      <line num="164" count="5" type="stmt"/>
      <line num="165" count="5" type="cond" truecount="1" falsecount="1"/>
      <line num="166" count="5" type="stmt"/>
      <line num="167" count="5" type="cond" truecount="2" falsecount="0"/>
      <line num="168" count="1" type="stmt"/>
      <line num="171" count="4" type="stmt"/>
      <line num="172" count="4" type="stmt"/>
      <line num="173" count="4" type="stmt"/>
      <line num="176" count="4" type="cond" truecount="2" falsecount="0"/>
      <line num="177" count="1" type="stmt"/>
      <line num="182" count="1" type="stmt"/>
      <line num="187" count="1" type="stmt"/>
      <line num="188" count="1" type="stmt"/>
      <line num="189" count="1" type="stmt"/>
      <line num="190" count="1" type="cond" truecount="1" falsecount="1"/>
      <line num="191" count="1" type="stmt"/>
      <line num="193" count="1" type="stmt"/>
      <line num="202" count="1" type="stmt"/>
      <line num="208" count="1" type="stmt"/>
      <line num="209" count="1" type="stmt"/>
      <line num="214" count="1" type="cond" truecount="1" falsecount="1"/>
      <line num="215" count="1" type="stmt"/>
      <line num="216" count="1" type="stmt"/>
      <line num="217" count="1" type="stmt"/>
      <line num="218" count="1" type="stmt"/>
      <line num="220" count="1" type="cond" truecount="3" falsecount="1"/>
      <line num="222" count="1" type="stmt"/>
      <line num="223" count="1" type="cond" truecount="1" falsecount="1"/>
      <line num="224" count="0" type="cond" truecount="0" falsecount="2"/>
      <line num="225" count="0" type="stmt"/>
      <line num="228" count="1" type="stmt"/>
      <line num="229" count="1" type="stmt"/>
      <line num="232" count="1" type="stmt"/>
      <line num="244" count="1" type="stmt"/>
      <line num="246" count="0" type="stmt"/>
      <line num="249" count="0" type="stmt"/>
      <line num="253" count="0" type="stmt"/>
      <line num="256" count="1" type="stmt"/>
      <line num="258" count="0" type="stmt"/>
      <line num="259" count="0" type="cond" truecount="0" falsecount="2"/>
      <line num="260" count="0" type="stmt"/>
      <line num="265" count="3" type="cond" truecount="1" falsecount="1"/>
      <line num="266" count="0" type="stmt"/>
      <line num="269" count="3" type="stmt"/>
      <line num="275" count="3" type="stmt"/>
      <line num="276" count="3" type="cond" truecount="2" falsecount="0"/>
      <line num="278" count="1" type="stmt"/>
      <line num="279" count="1" type="stmt"/>
      <line num="280" count="1" type="cond" truecount="1" falsecount="1"/>
      <line num="281" count="1" type="stmt"/>
      <line num="282" count="1" type="stmt"/>
      <line num="285" count="1" type="stmt"/>
      <line num="288" count="2" type="cond" truecount="2" falsecount="0"/>
      <line num="289" count="1" type="stmt"/>
      <line num="290" count="1" type="stmt"/>
      <line num="291" count="2" type="cond" truecount="2" falsecount="0"/>
      <line num="292" count="1" type="stmt"/>
      <line num="293" count="1" type="stmt"/>
      <line num="296" count="1" type="stmt"/>
      <line num="299" count="1" type="cond" truecount="1" falsecount="1"/>
      <line num="300" count="1" type="stmt"/>
      <line num="301" count="1" type="stmt"/>
      <line num="304" count="0" type="stmt"/>
      <line num="306" count="0" type="stmt"/>
      <line num="307" count="0" type="cond" truecount="0" falsecount="2"/>
      <line num="308" count="0" type="stmt"/>
      <line num="315" count="1" type="stmt"/>
      <line num="328" count="1" type="cond" truecount="1" falsecount="1"/>
      <line num="330" count="1" type="stmt"/>
      <line num="331" count="1" type="cond" truecount="1" falsecount="1"/>
      <line num="332" count="1" type="cond" truecount="3" falsecount="1"/>
      <line num="334" count="1" type="stmt"/>
      <line num="336" count="1" type="stmt"/>
      <line num="337" count="1" type="stmt"/>
      <line num="338" count="1" type="cond" truecount="1" falsecount="1"/>
      <line num="340" count="1" type="stmt"/>
      <line num="342" count="1" type="cond" truecount="1" falsecount="1"/>
      <line num="343" count="0" type="stmt"/>
      <line num="346" count="1" type="stmt"/>
      <line num="347" count="1" type="stmt"/>
      <line num="348" count="1" type="stmt"/>
      <line num="350" count="1" type="stmt"/>
      <line num="357" count="1" type="stmt"/>
      <line num="358" count="1" type="stmt"/>
      <line num="359" count="1" type="cond" truecount="1" falsecount="1"/>
      <line num="360" count="1" type="stmt"/>
      <line num="363" count="0" type="stmt"/>
      <line num="364" count="0" type="stmt"/>
      <line num="366" count="0" type="stmt"/>
      <line num="383" count="0" type="cond" truecount="0" falsecount="2"/>
      <line num="387" count="0" type="stmt"/>
      <line num="390" count="0" type="stmt"/>
      <line num="404" count="0" type="stmt"/>
      <line num="405" count="0" type="stmt"/>
      <line num="416" count="0" type="stmt"/>
      <line num="421" count="0" type="stmt"/>
      <line num="422" count="0" type="cond" truecount="0" falsecount="2"/>
      <line num="423" count="0" type="stmt"/>
      <line num="430" count="1" type="stmt"/>
      <line num="431" count="1" type="stmt"/>
      <line num="433" count="1" type="stmt"/>
      <line num="436" count="1" type="stmt"/>
      <line num="437" count="1" type="stmt"/>
      <line num="443" count="1" type="cond" truecount="1" falsecount="1"/>
      <line num="444" count="1" type="cond" truecount="1" falsecount="1"/>
      <line num="446" count="1" type="stmt"/>
      <line num="447" count="1" type="stmt"/>
      <line num="449" count="1" type="cond" truecount="1" falsecount="1"/>
      <line num="450" count="1" type="stmt"/>
      <line num="451" count="1" type="stmt"/>
      <line num="452" count="1" type="stmt"/>
      <line num="453" count="1" type="stmt"/>
      <line num="454" count="1" type="stmt"/>
      <line num="458" count="1" type="stmt"/>
      <line num="463" count="1" type="cond" truecount="1" falsecount="1"/>
      <line num="464" count="1" type="stmt"/>
      <line num="465" count="1" type="stmt"/>
      <line num="466" count="1" type="stmt"/>
      <line num="471" count="1" type="stmt"/>
      <line num="472" count="1" type="stmt"/>
      <line num="473" count="1" type="cond" truecount="1" falsecount="1"/>
      <line num="474" count="1" type="cond" truecount="1" falsecount="1"/>
      <line num="475" count="1" type="stmt"/>
      <line num="476" count="1" type="stmt"/>
      <line num="478" count="1" type="stmt"/>
      <line num="479" count="1" type="stmt"/>
      <line num="482" count="0" type="stmt"/>
      <line num="486" count="1" type="cond" truecount="1" falsecount="1"/>
      <line num="487" count="0" type="stmt"/>
      <line num="488" count="0" type="cond" truecount="0" falsecount="5"/>
      <line num="489" count="0" type="stmt"/>
      <line num="490" count="0" type="stmt"/>
      <line num="492" count="0" type="stmt"/>
      <line num="493" count="0" type="stmt"/>
      <line num="494" count="0" type="cond" truecount="0" falsecount="4"/>
      <line num="495" count="0" type="stmt"/>
      <line num="496" count="0" type="stmt"/>
      <line num="497" count="0" type="cond" truecount="0" falsecount="2"/>
      <line num="498" count="0" type="stmt"/>
      <line num="499" count="0" type="stmt"/>
      <line num="500" count="0" type="stmt"/>
      <line num="504" count="0" type="stmt"/>
      <line num="508" count="1" type="cond" truecount="2" falsecount="2"/>
      <line num="510" count="1" type="stmt"/>
      <line num="511" count="1" type="stmt"/>
      <line num="512" count="1" type="stmt"/>
      <line num="515" count="1" type="stmt"/>
      <line num="525" count="1" type="stmt"/>
      <line num="526" count="1" type="stmt"/>
      <line num="528" count="0" type="stmt"/>
      <line num="529" count="0" type="stmt"/>
      <line num="532" count="0" type="stmt"/>
      <line num="536" count="1" type="stmt"/>
      <line num="538" count="0" type="stmt"/>
      <line num="539" count="0" type="stmt"/>
      <line num="543" count="1" type="stmt"/>
      <line num="549" count="1" type="cond" truecount="1" falsecount="1"/>
      <line num="551" count="1" type="cond" truecount="1" falsecount="0"/>
      <line num="552" count="1" type="cond" truecount="1" falsecount="1"/>
      <line num="554" count="1" type="stmt"/>
      <line num="557" count="1" type="stmt"/>
      <line num="558" count="1" type="cond" truecount="1" falsecount="1"/>
      <line num="559" count="1" type="cond" truecount="1" falsecount="1"/>
      <line num="560" count="0" type="stmt"/>
      <line num="563" count="1" type="stmt"/>
      <line num="572" count="1" type="stmt"/>
      <line num="573" count="1" type="cond" truecount="1" falsecount="1"/>
      <line num="574" count="1" type="stmt"/>
      <line num="576" count="1" type="stmt"/>
      <line num="583" count="1" type="stmt"/>
      <line num="585" count="1" type="stmt"/>
      <line num="588" count="1" type="stmt"/>
      <line num="594" count="1" type="cond" truecount="1" falsecount="1"/>
      <line num="596" count="1" type="stmt"/>
      <line num="597" count="1" type="cond" truecount="3" falsecount="1"/>
      <line num="599" count="1" type="stmt"/>
      <line num="600" count="1" type="stmt"/>
      <line num="601" count="1" type="cond" truecount="1" falsecount="1"/>
      <line num="602" count="1" type="cond" truecount="1" falsecount="1"/>
      <line num="603" count="0" type="stmt"/>
      <line num="606" count="1" type="stmt"/>
      <line num="607" count="1" type="cond" truecount="1" falsecount="1"/>
      <line num="608" count="1" type="stmt"/>
      <line num="610" count="1" type="stmt"/>
      <line num="619" count="1" type="stmt"/>
    </file>
    <file name="notifications.js" path="/Users/yazanqattous/Desktop/flutter_projects/calligro_app/functions/notifications.js">
      <metrics statements="258" coveredstatements="225" conditionals="210" coveredconditionals="124" methods="22" coveredmethods="21"/>
      <line num="1" count="1" type="stmt"/>
      <line num="2" count="1" type="stmt"/>
      <line num="3" count="1" type="stmt"/>
      <line num="4" count="1" type="stmt"/>
      <line num="6" count="1" type="stmt"/>
      <line num="8" count="1" type="stmt"/>
      <line num="12" count="22" type="stmt"/>
      <line num="105" count="22" type="stmt"/>
      <line num="123" count="22" type="cond" truecount="1" falsecount="1"/>
      <line num="125" count="22" type="cond" truecount="2" falsecount="0"/>
      <line num="126" count="1" type="stmt"/>
      <line num="127" count="1" type="stmt"/>
      <line num="128" count="1" type="stmt"/>
      <line num="130" count="1" type="stmt"/>
      <line num="171" count="21" type="cond" truecount="1" falsecount="1"/>
      <line num="173" count="21" type="stmt"/>
      <line num="174" count="29" type="stmt"/>
      <line num="176" count="21" type="stmt"/>
      <line num="181" count="10" type="stmt"/>
      <line num="182" count="10" type="stmt"/>
      <line num="183" count="10" type="stmt"/>
      <line num="184" count="10" type="cond" truecount="1" falsecount="1"/>
      <line num="186" count="10" type="stmt"/>
      <line num="187" count="10" type="stmt"/>
      <line num="188" count="10" type="cond" truecount="2" falsecount="0"/>
      <line num="190" count="10" type="stmt"/>
      <line num="191" count="10" type="stmt"/>
      <line num="194" count="10" type="stmt"/>
      <line num="203" count="10" type="cond" truecount="1" falsecount="1"/>
      <line num="204" count="10" type="stmt"/>
      <line num="205" count="10" type="stmt"/>
      <line num="235" count="10" type="stmt"/>
      <line num="237" count="0" type="stmt"/>
      <line num="240" count="0" type="stmt"/>
      <line num="246" count="1" type="stmt"/>
      <line num="247" count="1" type="stmt"/>
      <line num="248" count="1" type="cond" truecount="1" falsecount="1"/>
      <line num="249" count="0" type="stmt"/>
      <line num="250" count="0" type="stmt"/>
      <line num="253" count="1" type="stmt"/>
      <line num="255" count="1" type="stmt"/>
      <line num="256" count="1" type="stmt"/>
      <line num="258" count="1" type="stmt"/>
      <line num="273" count="1" type="stmt"/>
      <line num="274" count="1" type="cond" truecount="1" falsecount="1"/>
      <line num="275" count="0" type="stmt"/>
      <line num="277" count="1" type="stmt"/>
      <line num="280" count="0" type="stmt"/>
      <line num="287" count="1" type="stmt"/>
      <line num="288" count="1" type="stmt"/>
      <line num="289" count="1" type="stmt"/>
      <line num="291" count="1" type="cond" truecount="1" falsecount="1"/>
      <line num="292" count="1" type="cond" truecount="1" falsecount="1"/>
      <line num="294" count="1" type="cond" truecount="1" falsecount="1"/>
      <line num="296" count="1" type="stmt"/>
      <line num="297" count="1" type="cond" truecount="1" falsecount="1"/>
      <line num="299" count="1" type="stmt"/>
      <line num="300" count="1" type="cond" truecount="1" falsecount="1"/>
      <line num="303" count="1" type="stmt"/>
      <line num="304" count="1" type="cond" truecount="3" falsecount="1"/>
      <line num="306" count="1" type="stmt"/>
      <line num="318" count="1" type="stmt"/>
      <line num="319" count="1" type="stmt"/>
      <line num="320" count="1" type="cond" truecount="1" falsecount="1"/>
      <line num="323" count="1" type="stmt"/>
      <line num="324" count="1" type="cond" truecount="1" falsecount="1"/>
      <line num="326" count="1" type="stmt"/>
      <line num="327" count="1" type="cond" truecount="1" falsecount="1"/>
      <line num="328" count="1" type="cond" truecount="1" falsecount="1"/>
      <line num="330" count="1" type="cond" truecount="3" falsecount="0"/>
      <line num="331" count="1" type="cond" truecount="2" falsecount="0"/>
      <line num="334" count="1" type="stmt"/>
      <line num="335" count="1" type="stmt"/>
      <line num="348" count="1" type="stmt"/>
      <line num="349" count="1" type="stmt"/>
      <line num="355" count="1" type="stmt"/>
      <line num="356" count="1" type="stmt"/>
      <line num="357" count="1" type="cond" truecount="1" falsecount="1"/>
      <line num="360" count="1" type="stmt"/>
      <line num="361" count="1" type="cond" truecount="1" falsecount="1"/>
      <line num="363" count="1" type="stmt"/>
      <line num="364" count="1" type="cond" truecount="1" falsecount="1"/>
      <line num="365" count="1" type="cond" truecount="1" falsecount="1"/>
      <line num="367" count="1" type="cond" truecount="3" falsecount="0"/>
      <line num="368" count="1" type="cond" truecount="1" falsecount="1"/>
      <line num="370" count="1" type="stmt"/>
      <line num="371" count="1" type="cond" truecount="1" falsecount="1"/>
      <line num="372" count="1" type="stmt"/>
      <line num="373" count="1" type="cond" truecount="1" falsecount="1"/>
      <line num="374" count="1" type="cond" truecount="2" falsecount="0"/>
      <line num="379" count="1" type="stmt"/>
      <line num="380" count="1" type="stmt"/>
      <line num="393" count="1" type="stmt"/>
      <line num="394" count="1" type="stmt"/>
      <line num="400" count="1" type="stmt"/>
      <line num="401" count="1" type="stmt"/>
      <line num="402" count="1" type="stmt"/>
      <line num="405" count="1" type="cond" truecount="1" falsecount="1"/>
      <line num="406" count="1" type="cond" truecount="1" falsecount="1"/>
      <line num="409" count="1" type="cond" truecount="1" falsecount="1"/>
      <line num="410" count="1" type="cond" truecount="5" falsecount="1"/>
      <line num="412" count="0" type="stmt"/>
      <line num="415" count="1" type="cond" truecount="1" falsecount="1"/>
      <line num="416" count="1" type="cond" truecount="1" falsecount="1"/>
      <line num="418" count="1" type="cond" truecount="3" falsecount="0"/>
      <line num="421" count="1" type="stmt"/>
      <line num="422" count="1" type="stmt"/>
      <line num="435" count="1" type="stmt"/>
      <line num="436" count="1" type="stmt"/>
      <line num="442" count="1" type="stmt"/>
      <line num="443" count="1" type="stmt"/>
      <line num="444" count="1" type="cond" truecount="1" falsecount="1"/>
      <line num="447" count="1" type="stmt"/>
      <line num="448" count="1" type="cond" truecount="1" falsecount="1"/>
      <line num="450" count="1" type="stmt"/>
      <line num="452" count="1" type="cond" truecount="1" falsecount="1"/>
      <line num="455" count="1" type="stmt"/>
      <line num="456" count="1" type="cond" truecount="1" falsecount="1"/>
      <line num="457" count="1" type="stmt"/>
      <line num="458" count="1" type="cond" truecount="1" falsecount="1"/>
      <line num="459" count="0" type="stmt"/>
      <line num="460" count="0" type="stmt"/>
      <line num="463" count="1" type="stmt"/>
      <line num="479" count="1" type="stmt"/>
      <line num="480" count="1" type="stmt"/>
      <line num="481" count="1" type="stmt"/>
      <line num="484" count="1" type="cond" truecount="1" falsecount="1"/>
      <line num="485" count="1" type="cond" truecount="1" falsecount="1"/>
      <line num="488" count="1" type="stmt"/>
      <line num="491" count="1" type="cond" truecount="1" falsecount="1"/>
      <line num="493" count="1" type="stmt"/>
      <line num="494" count="1" type="stmt"/>
      <line num="497" count="1" type="cond" truecount="1" falsecount="1"/>
      <line num="500" count="1" type="stmt"/>
      <line num="501" count="1" type="cond" truecount="1" falsecount="1"/>
      <line num="502" count="1" type="stmt"/>
      <line num="503" count="1" type="cond" truecount="1" falsecount="1"/>
      <line num="504" count="0" type="stmt"/>
      <line num="505" count="0" type="stmt"/>
      <line num="508" count="1" type="stmt"/>
      <line num="523" count="1" type="stmt"/>
      <line num="524" count="1" type="stmt"/>
      <line num="525" count="1" type="cond" truecount="1" falsecount="1"/>
      <line num="528" count="1" type="stmt"/>
      <line num="529" count="1" type="cond" truecount="1" falsecount="1"/>
      <line num="530" count="1" type="stmt"/>
      <line num="533" count="1" type="stmt"/>
      <line num="537" count="1" type="cond" truecount="2" falsecount="2"/>
      <line num="539" count="1" type="stmt"/>
      <line num="551" count="1" type="stmt"/>
      <line num="555" count="1" type="stmt"/>
      <line num="556" count="1" type="stmt"/>
      <line num="558" count="1" type="stmt"/>
      <line num="561" count="1" type="cond" truecount="4" falsecount="1"/>
      <line num="562" count="1" type="stmt"/>
      <line num="565" count="1" type="stmt"/>
      <line num="574" count="1" type="cond" truecount="1" falsecount="1"/>
      <line num="575" count="1" type="stmt"/>
      <line num="583" count="0" type="stmt"/>
      <line num="588" count="1" type="cond" truecount="3" falsecount="2"/>
      <line num="589" count="0" type="stmt"/>
      <line num="592" count="0" type="stmt"/>
      <line num="601" count="0" type="cond" truecount="0" falsecount="2"/>
      <line num="602" count="0" type="stmt"/>
      <line num="611" count="1" type="stmt"/>
      <line num="620" count="1" type="stmt"/>
      <line num="621" count="1" type="stmt"/>
      <line num="622" count="1" type="cond" truecount="1" falsecount="1"/>
      <line num="624" count="1" type="cond" truecount="1" falsecount="1"/>
      <line num="625" count="1" type="cond" truecount="1" falsecount="1"/>
      <line num="626" count="1" type="cond" truecount="1" falsecount="1"/>
      <line num="628" count="1" type="stmt"/>
      <line num="629" count="1" type="cond" truecount="1" falsecount="1"/>
      <line num="630" count="0" type="stmt"/>
      <line num="631" count="1" type="cond" truecount="1" falsecount="1"/>
      <line num="632" count="0" type="stmt"/>
      <line num="635" count="1" type="stmt"/>
      <line num="636" count="1" type="stmt"/>
      <line num="638" count="1" type="stmt"/>
      <line num="639" count="1" type="stmt"/>
      <line num="640" count="1" type="stmt"/>
      <line num="641" count="1" type="stmt"/>
      <line num="643" count="1" type="stmt"/>
      <line num="644" count="2" type="stmt"/>
      <line num="645" count="2" type="cond" truecount="1" falsecount="1"/>
      <line num="646" count="0" type="stmt"/>
      <line num="648" count="2" type="cond" truecount="2" falsecount="0"/>
      <line num="649" count="1" type="stmt"/>
      <line num="652" count="2" type="stmt"/>
      <line num="653" count="2" type="cond" truecount="2" falsecount="0"/>
      <line num="655" count="1" type="stmt"/>
      <line num="656" count="1" type="stmt"/>
      <line num="657" count="1" type="stmt"/>
      <line num="658" count="1" type="cond" truecount="3" falsecount="1"/>
      <line num="659" count="1" type="stmt"/>
      <line num="661" count="1" type="stmt"/>
      <line num="662" count="1" type="stmt"/>
      <line num="665" count="1" type="cond" truecount="1" falsecount="1"/>
      <line num="666" count="1" type="stmt"/>
      <line num="673" count="1" type="stmt"/>
      <line num="677" count="1" type="stmt"/>
      <line num="680" count="1" type="stmt"/>
      <line num="683" count="1" type="stmt"/>
      <line num="689" count="1" type="stmt"/>
      <line num="692" count="0" type="stmt"/>
      <line num="695" count="1" type="stmt"/>
      <line num="703" count="1" type="stmt"/>
      <line num="704" count="1" type="stmt"/>
      <line num="705" count="1" type="stmt"/>
      <line num="708" count="1" type="cond" truecount="1" falsecount="1"/>
      <line num="710" count="1" type="stmt"/>
      <line num="712" count="1" type="stmt"/>
      <line num="713" count="1" type="cond" truecount="3" falsecount="1"/>
      <line num="715" count="1" type="stmt"/>
      <line num="727" count="0" type="stmt"/>
      <line num="730" count="1" type="stmt"/>
      <line num="736" count="1" type="stmt"/>
      <line num="738" count="1" type="cond" truecount="1" falsecount="1"/>
      <line num="739" count="0" type="stmt"/>
      <line num="742" count="1" type="stmt"/>
      <line num="743" count="1" type="cond" truecount="4" falsecount="1"/>
      <line num="744" count="0" type="stmt"/>
      <line num="748" count="1" type="stmt"/>
      <line num="749" count="1" type="cond" truecount="3" falsecount="1"/>
      <line num="750" count="0" type="stmt"/>
      <line num="753" count="1" type="stmt"/>
      <line num="755" count="1" type="stmt"/>
      <line num="756" count="1" type="cond" truecount="1" falsecount="1"/>
      <line num="757" count="0" type="stmt"/>
      <line num="760" count="1" type="stmt"/>
      <line num="761" count="1" type="stmt"/>
      <line num="764" count="1" type="stmt"/>
      <line num="777" count="1" type="cond" truecount="1" falsecount="1"/>
      <line num="778" count="0" type="stmt"/>
      <line num="795" count="0" type="stmt"/>
      <line num="797" count="1" type="stmt"/>
      <line num="800" count="1" type="stmt"/>
      <line num="802" count="0" type="stmt"/>
      <line num="803" count="0" type="cond" truecount="0" falsecount="2"/>
      <line num="811" count="1" type="stmt"/>
      <line num="812" count="1" type="stmt"/>
      <line num="813" count="1" type="cond" truecount="1" falsecount="1"/>
      <line num="815" count="1" type="stmt"/>
      <line num="817" count="1" type="stmt"/>
      <line num="824" count="1" type="cond" truecount="1" falsecount="1"/>
      <line num="826" count="1" type="stmt"/>
      <line num="828" count="1" type="cond" truecount="1" falsecount="1"/>
      <line num="831" count="1" type="stmt"/>
      <line num="832" count="1" type="cond" truecount="1" falsecount="1"/>
      <line num="833" count="1" type="stmt"/>
      <line num="834" count="1" type="cond" truecount="1" falsecount="1"/>
      <line num="835" count="0" type="stmt"/>
      <line num="836" count="0" type="stmt"/>
      <line num="839" count="1" type="stmt"/>
      <line num="852" count="0" type="stmt"/>
      <line num="855" count="1" type="stmt"/>
      <line num="862" count="1" type="stmt"/>
      <line num="863" count="0" type="stmt"/>
    </file>
  </project>
</coverage>
