{"/Users/yazanqattous/Desktop/flutter_projects/calligro_app/functions/livekit.js": {"path":"/Users/yazanqattous/Desktop/flutter_projects/calligro_app/functions/livekit.js","statementMap":{"0":{"start":{"line":1,"column":31},"end":{"line":1,"column":69}},"1":{"start":{"line":2,"column":25},"end":{"line":2,"column":61}},"2":{"start":{"line":3,"column":14},"end":{"line":3,"column":39}},"3":{"start":{"line":4,"column":80},"end":{"line":4,"column":109}},"4":{"start":{"line":5,"column":39},"end":{"line":5,"column":68}},"5":{"start":{"line":6,"column":25},"end":{"line":6,"column":65}},"6":{"start":{"line":7,"column":15},"end":{"line":7,"column":32}},"7":{"start":{"line":12,"column":22},"end":{"line":12,"column":53}},"8":{"start":{"line":13,"column":25},"end":{"line":13,"column":59}},"9":{"start":{"line":14,"column":20},"end":{"line":14,"column":60}},"10":{"start":{"line":15,"column":20},"end":{"line":15,"column":60}},"11":{"start":{"line":16,"column":19},"end":{"line":16,"column":57}},"12":{"start":{"line":17,"column":20},"end":{"line":17,"column":60}},"13":{"start":{"line":23,"column":2},"end":{"line":23,"column":65}},"14":{"start":{"line":29,"column":0},"end":{"line":142,"column":3}},"15":{"start":{"line":36,"column":2},"end":{"line":38,"column":3}},"16":{"start":{"line":37,"column":4},"end":{"line":37,"column":90}},"17":{"start":{"line":40,"column":31},"end":{"line":40,"column":43}},"18":{"start":{"line":41,"column":2},"end":{"line":43,"column":3}},"19":{"start":{"line":42,"column":4},"end":{"line":42,"column":71}},"20":{"start":{"line":45,"column":14},"end":{"line":45,"column":30}},"21":{"start":{"line":47,"column":2},"end":{"line":141,"column":3}},"22":{"start":{"line":49,"column":35},"end":{"line":52,"column":6}},"23":{"start":{"line":54,"column":4},"end":{"line":56,"column":5}},"24":{"start":{"line":55,"column":6},"end":{"line":55,"column":61}},"25":{"start":{"line":58,"column":23},"end":{"line":58,"column":40}},"26":{"start":{"line":59,"column":21},"end":{"line":59,"column":81}},"27":{"start":{"line":61,"column":22},"end":{"line":61,"column":50}},"28":{"start":{"line":62,"column":23},"end":{"line":62,"column":95}},"29":{"start":{"line":63,"column":20},"end":{"line":63,"column":45}},"30":{"start":{"line":66,"column":4},"end":{"line":68,"column":5}},"31":{"start":{"line":67,"column":6},"end":{"line":67,"column":88}},"32":{"start":{"line":71,"column":18},"end":{"line":71,"column":56}},"33":{"start":{"line":72,"column":20},"end":{"line":72,"column":66}},"34":{"start":{"line":73,"column":27},"end":{"line":73,"column":73}},"35":{"start":{"line":76,"column":19},"end":{"line":76,"column":40}},"36":{"start":{"line":77,"column":22},"end":{"line":77,"column":46}},"37":{"start":{"line":79,"column":28},"end":{"line":79,"column":78}},"38":{"start":{"line":82,"column":26},"end":{"line":82,"column":84}},"39":{"start":{"line":83,"column":15},"end":{"line":87,"column":6}},"40":{"start":{"line":89,"column":24},"end":{"line":89,"column":44}},"41":{"start":{"line":91,"column":16},"end":{"line":99,"column":5}},"42":{"start":{"line":102,"column":4},"end":{"line":104,"column":5}},"43":{"start":{"line":103,"column":6},"end":{"line":103,"column":57}},"44":{"start":{"line":106,"column":4},"end":{"line":106,"column":23}},"45":{"start":{"line":108,"column":21},"end":{"line":111,"column":6}},"46":{"start":{"line":112,"column":4},"end":{"line":112,"column":27}},"47":{"start":{"line":114,"column":18},"end":{"line":114,"column":34}},"48":{"start":{"line":117,"column":4},"end":{"line":130,"column":5}},"49":{"start":{"line":118,"column":6},"end":{"line":127,"column":28}},"50":{"start":{"line":129,"column":6},"end":{"line":129,"column":56}},"51":{"start":{"line":132,"column":4},"end":{"line":136,"column":6}},"52":{"start":{"line":138,"column":4},"end":{"line":138,"column":60}},"53":{"start":{"line":139,"column":4},"end":{"line":139,"column":49}},"54":{"start":{"line":139,"column":37},"end":{"line":139,"column":49}},"55":{"start":{"line":140,"column":4},"end":{"line":140,"column":83}},"56":{"start":{"line":147,"column":0},"end":{"line":310,"column":3}},"57":{"start":{"line":154,"column":2},"end":{"line":154,"column":80}},"58":{"start":{"line":154,"column":21},"end":{"line":154,"column":80}},"59":{"start":{"line":156,"column":47},"end":{"line":156,"column":59}},"60":{"start":{"line":157,"column":2},"end":{"line":159,"column":3}},"61":{"start":{"line":158,"column":4},"end":{"line":158,"column":82}},"62":{"start":{"line":161,"column":14},"end":{"line":161,"column":30}},"63":{"start":{"line":164,"column":21},"end":{"line":164,"column":86}},"64":{"start":{"line":165,"column":2},"end":{"line":165,"column":81}},"65":{"start":{"line":165,"column":26},"end":{"line":165,"column":81}},"66":{"start":{"line":166,"column":21},"end":{"line":166,"column":38}},"67":{"start":{"line":167,"column":2},"end":{"line":169,"column":3}},"68":{"start":{"line":168,"column":4},"end":{"line":168,"column":93}},"69":{"start":{"line":171,"column":16},"end":{"line":171,"column":54}},"70":{"start":{"line":172,"column":18},"end":{"line":172,"column":64}},"71":{"start":{"line":173,"column":25},"end":{"line":173,"column":71}},"72":{"start":{"line":176,"column":2},"end":{"line":262,"column":3}},"73":{"start":{"line":177,"column":25},"end":{"line":181,"column":5}},"74":{"start":{"line":182,"column":24},"end":{"line":186,"column":5}},"75":{"start":{"line":187,"column":4},"end":{"line":261,"column":5}},"76":{"start":{"line":188,"column":23},"end":{"line":188,"column":82}},"77":{"start":{"line":189,"column":21},"end":{"line":189,"column":56}},"78":{"start":{"line":189,"column":42},"end":{"line":189,"column":55}},"79":{"start":{"line":190,"column":6},"end":{"line":192,"column":7}},"80":{"start":{"line":191,"column":8},"end":{"line":191,"column":80}},"81":{"start":{"line":191,"column":42},"end":{"line":191,"column":77}},"82":{"start":{"line":193,"column":6},"end":{"line":196,"column":106}},"83":{"start":{"line":202,"column":6},"end":{"line":202,"column":62}},"84":{"start":{"line":202,"column":35},"end":{"line":202,"column":60}},"85":{"start":{"line":208,"column":6},"end":{"line":254,"column":7}},"86":{"start":{"line":209,"column":27},"end":{"line":212,"column":16}},"87":{"start":{"line":214,"column":8},"end":{"line":250,"column":9}},"88":{"start":{"line":215,"column":30},"end":{"line":215,"column":47}},"89":{"start":{"line":216,"column":29},"end":{"line":216,"column":51}},"90":{"start":{"line":217,"column":27},"end":{"line":217,"column":47}},"91":{"start":{"line":218,"column":28},"end":{"line":218,"column":49}},"92":{"start":{"line":220,"column":10},"end":{"line":247,"column":11}},"93":{"start":{"line":222,"column":34},"end":{"line":222,"column":35}},"94":{"start":{"line":223,"column":12},"end":{"line":226,"column":13}},"95":{"start":{"line":224,"column":30},"end":{"line":224,"column":83}},"96":{"start":{"line":225,"column":14},"end":{"line":225,"column":92}},"97":{"start":{"line":228,"column":33},"end":{"line":228,"column":71}},"98":{"start":{"line":229,"column":28},"end":{"line":229,"column":59}},"99":{"start":{"line":232,"column":12},"end":{"line":242,"column":34}},"100":{"start":{"line":244,"column":12},"end":{"line":244,"column":98}},"101":{"start":{"line":246,"column":12},"end":{"line":246,"column":101}},"102":{"start":{"line":249,"column":10},"end":{"line":249,"column":96}},"103":{"start":{"line":253,"column":8},"end":{"line":253,"column":84}},"104":{"start":{"line":256,"column":6},"end":{"line":256,"column":57}},"105":{"start":{"line":258,"column":6},"end":{"line":258,"column":49}},"106":{"start":{"line":259,"column":6},"end":{"line":259,"column":51}},"107":{"start":{"line":259,"column":39},"end":{"line":259,"column":51}},"108":{"start":{"line":260,"column":6},"end":{"line":260,"column":68}},"109":{"start":{"line":265,"column":2},"end":{"line":267,"column":3}},"110":{"start":{"line":266,"column":4},"end":{"line":266,"column":99}},"111":{"start":{"line":269,"column":22},"end":{"line":273,"column":3}},"112":{"start":{"line":275,"column":2},"end":{"line":309,"column":3}},"113":{"start":{"line":276,"column":4},"end":{"line":286,"column":5}},"114":{"start":{"line":278,"column":26},"end":{"line":278,"column":90}},"115":{"start":{"line":279,"column":6},"end":{"line":284,"column":7}},"116":{"start":{"line":280,"column":8},"end":{"line":283,"column":9}},"117":{"start":{"line":281,"column":10},"end":{"line":281,"column":96}},"118":{"start":{"line":282,"column":10},"end":{"line":282,"column":16}},"119":{"start":{"line":285,"column":6},"end":{"line":285,"column":52}},"120":{"start":{"line":288,"column":4},"end":{"line":297,"column":5}},"121":{"start":{"line":289,"column":26},"end":{"line":289,"column":90}},"122":{"start":{"line":290,"column":6},"end":{"line":295,"column":7}},"123":{"start":{"line":291,"column":8},"end":{"line":294,"column":9}},"124":{"start":{"line":292,"column":10},"end":{"line":292,"column":96}},"125":{"start":{"line":293,"column":10},"end":{"line":293,"column":16}},"126":{"start":{"line":296,"column":6},"end":{"line":296,"column":55}},"127":{"start":{"line":299,"column":4},"end":{"line":302,"column":5}},"128":{"start":{"line":300,"column":6},"end":{"line":300,"column":74}},"129":{"start":{"line":301,"column":6},"end":{"line":301,"column":49}},"130":{"start":{"line":304,"column":4},"end":{"line":304,"column":74}},"131":{"start":{"line":306,"column":4},"end":{"line":306,"column":46}},"132":{"start":{"line":307,"column":4},"end":{"line":307,"column":49}},"133":{"start":{"line":307,"column":37},"end":{"line":307,"column":49}},"134":{"start":{"line":308,"column":4},"end":{"line":308,"column":66}},"135":{"start":{"line":315,"column":0},"end":{"line":425,"column":3}},"136":{"start":{"line":328,"column":2},"end":{"line":328,"column":80}},"137":{"start":{"line":328,"column":21},"end":{"line":328,"column":80}},"138":{"start":{"line":330,"column":64},"end":{"line":330,"column":76}},"139":{"start":{"line":331,"column":2},"end":{"line":331,"column":81}},"140":{"start":{"line":331,"column":17},"end":{"line":331,"column":81}},"141":{"start":{"line":332,"column":2},"end":{"line":332,"column":102}},"142":{"start":{"line":332,"column":38},"end":{"line":332,"column":102}},"143":{"start":{"line":334,"column":14},"end":{"line":334,"column":30}},"144":{"start":{"line":336,"column":2},"end":{"line":424,"column":3}},"145":{"start":{"line":337,"column":23},"end":{"line":337,"column":88}},"146":{"start":{"line":338,"column":4},"end":{"line":338,"column":83}},"147":{"start":{"line":338,"column":28},"end":{"line":338,"column":83}},"148":{"start":{"line":340,"column":23},"end":{"line":340,"column":40}},"149":{"start":{"line":342,"column":4},"end":{"line":344,"column":5}},"150":{"start":{"line":343,"column":6},"end":{"line":343,"column":89}},"151":{"start":{"line":346,"column":18},"end":{"line":346,"column":56}},"152":{"start":{"line":347,"column":20},"end":{"line":347,"column":66}},"153":{"start":{"line":348,"column":27},"end":{"line":348,"column":73}},"154":{"start":{"line":350,"column":25},"end":{"line":354,"column":5}},"155":{"start":{"line":357,"column":27},"end":{"line":357,"column":86}},"156":{"start":{"line":358,"column":23},"end":{"line":358,"column":64}},"157":{"start":{"line":358,"column":50},"end":{"line":358,"column":63}},"158":{"start":{"line":359,"column":4},"end":{"line":361,"column":5}},"159":{"start":{"line":360,"column":6},"end":{"line":360,"column":79}},"160":{"start":{"line":363,"column":22},"end":{"line":363,"column":32}},"161":{"start":{"line":364,"column":21},"end":{"line":364,"column":65}},"162":{"start":{"line":366,"column":23},"end":{"line":380,"column":5}},"163":{"start":{"line":383,"column":19},"end":{"line":385,"column":54}},"164":{"start":{"line":387,"column":4},"end":{"line":387,"column":165}},"165":{"start":{"line":390,"column":23},"end":{"line":401,"column":5}},"166":{"start":{"line":404,"column":19},"end":{"line":404,"column":57}},"167":{"start":{"line":405,"column":4},"end":{"line":414,"column":26}},"168":{"start":{"line":416,"column":4},"end":{"line":419,"column":6}},"169":{"start":{"line":421,"column":4},"end":{"line":421,"column":50}},"170":{"start":{"line":422,"column":4},"end":{"line":422,"column":49}},"171":{"start":{"line":422,"column":37},"end":{"line":422,"column":49}},"172":{"start":{"line":423,"column":4},"end":{"line":423,"column":72}},"173":{"start":{"line":430,"column":22},"end":{"line":430,"column":60}},"174":{"start":{"line":431,"column":28},"end":{"line":431,"column":57}},"175":{"start":{"line":433,"column":0},"end":{"line":541,"column":3}},"176":{"start":{"line":436,"column":2},"end":{"line":540,"column":3}},"177":{"start":{"line":437,"column":21},"end":{"line":440,"column":5}},"178":{"start":{"line":443,"column":23},"end":{"line":443,"column":76}},"179":{"start":{"line":444,"column":23},"end":{"line":444,"column":77}},"180":{"start":{"line":446,"column":18},"end":{"line":446,"column":64}},"181":{"start":{"line":447,"column":4},"end":{"line":447,"column":58}},"182":{"start":{"line":449,"column":4},"end":{"line":534,"column":5}},"183":{"start":{"line":450,"column":25},"end":{"line":450,"column":41}},"184":{"start":{"line":451,"column":23},"end":{"line":451,"column":42}},"185":{"start":{"line":452,"column":6},"end":{"line":452,"column":79}},"186":{"start":{"line":453,"column":6},"end":{"line":453,"column":101}},"187":{"start":{"line":454,"column":6},"end":{"line":454,"column":81}},"188":{"start":{"line":458,"column":37},"end":{"line":461,"column":14}},"189":{"start":{"line":463,"column":6},"end":{"line":533,"column":7}},"190":{"start":{"line":464,"column":27},"end":{"line":464,"column":57}},"191":{"start":{"line":465,"column":21},"end":{"line":465,"column":38}},"192":{"start":{"line":466,"column":25},"end":{"line":466,"column":56}},"193":{"start":{"line":471,"column":30},"end":{"line":471,"column":31}},"194":{"start":{"line":472,"column":8},"end":{"line":483,"column":9}},"195":{"start":{"line":473,"column":10},"end":{"line":480,"column":11}},"196":{"start":{"line":474,"column":28},"end":{"line":474,"column":96}},"197":{"start":{"line":475,"column":12},"end":{"line":475,"column":72}},"198":{"start":{"line":476,"column":12},"end":{"line":476,"column":82}},"199":{"start":{"line":478,"column":12},"end":{"line":478,"column":63}},"200":{"start":{"line":479,"column":12},"end":{"line":479,"column":83}},"201":{"start":{"line":482,"column":10},"end":{"line":482,"column":78}},"202":{"start":{"line":486,"column":8},"end":{"line":506,"column":9}},"203":{"start":{"line":487,"column":10},"end":{"line":505,"column":11}},"204":{"start":{"line":488,"column":12},"end":{"line":502,"column":13}},"205":{"start":{"line":489,"column":28},"end":{"line":489,"column":70}},"206":{"start":{"line":490,"column":14},"end":{"line":490,"column":67}},"207":{"start":{"line":492,"column":14},"end":{"line":492,"column":66}},"208":{"start":{"line":493,"column":14},"end":{"line":493,"column":87}},"209":{"start":{"line":494,"column":19},"end":{"line":502,"column":13}},"210":{"start":{"line":495,"column":30},"end":{"line":495,"column":58}},"211":{"start":{"line":496,"column":28},"end":{"line":496,"column":54}},"212":{"start":{"line":497,"column":14},"end":{"line":501,"column":15}},"213":{"start":{"line":498,"column":16},"end":{"line":498,"column":81}},"214":{"start":{"line":499,"column":16},"end":{"line":499,"column":68}},"215":{"start":{"line":500,"column":16},"end":{"line":500,"column":95}},"216":{"start":{"line":504,"column":12},"end":{"line":504,"column":77}},"217":{"start":{"line":508,"column":8},"end":{"line":530,"column":9}},"218":{"start":{"line":510,"column":31},"end":{"line":510,"column":69}},"219":{"start":{"line":511,"column":29},"end":{"line":511,"column":44}},"220":{"start":{"line":512,"column":26},"end":{"line":512,"column":57}},"221":{"start":{"line":515,"column":10},"end":{"line":522,"column":30}},"222":{"start":{"line":525,"column":10},"end":{"line":525,"column":82}},"223":{"start":{"line":526,"column":10},"end":{"line":526,"column":101}},"224":{"start":{"line":528,"column":10},"end":{"line":528,"column":85}},"225":{"start":{"line":529,"column":10},"end":{"line":529,"column":74}},"226":{"start":{"line":532,"column":8},"end":{"line":532,"column":73}},"227":{"start":{"line":536,"column":4},"end":{"line":536,"column":31}},"228":{"start":{"line":538,"column":4},"end":{"line":538,"column":62}},"229":{"start":{"line":539,"column":4},"end":{"line":539,"column":42}},"230":{"start":{"line":543,"column":0},"end":{"line":586,"column":3}},"231":{"start":{"line":549,"column":2},"end":{"line":549,"column":80}},"232":{"start":{"line":549,"column":21},"end":{"line":549,"column":80}},"233":{"start":{"line":551,"column":51},"end":{"line":551,"column":63}},"234":{"start":{"line":552,"column":2},"end":{"line":552,"column":83}},"235":{"start":{"line":552,"column":17},"end":{"line":552,"column":83}},"236":{"start":{"line":554,"column":14},"end":{"line":554,"column":30}},"237":{"start":{"line":557,"column":21},"end":{"line":557,"column":86}},"238":{"start":{"line":558,"column":2},"end":{"line":558,"column":81}},"239":{"start":{"line":558,"column":26},"end":{"line":558,"column":81}},"240":{"start":{"line":559,"column":2},"end":{"line":561,"column":3}},"241":{"start":{"line":560,"column":4},"end":{"line":560,"column":89}},"242":{"start":{"line":563,"column":19},"end":{"line":570,"column":4}},"243":{"start":{"line":572,"column":20},"end":{"line":572,"column":40}},"244":{"start":{"line":573,"column":24},"end":{"line":573,"column":68}},"245":{"start":{"line":574,"column":21},"end":{"line":574,"column":97}},"246":{"start":{"line":576,"column":18},"end":{"line":580,"column":4}},"247":{"start":{"line":583,"column":20},"end":{"line":583,"column":82}},"248":{"start":{"line":585,"column":2},"end":{"line":585,"column":35}},"249":{"start":{"line":588,"column":0},"end":{"line":620,"column":3}},"250":{"start":{"line":594,"column":2},"end":{"line":594,"column":80}},"251":{"start":{"line":594,"column":21},"end":{"line":594,"column":80}},"252":{"start":{"line":596,"column":45},"end":{"line":596,"column":57}},"253":{"start":{"line":597,"column":2},"end":{"line":597,"column":95}},"254":{"start":{"line":597,"column":32},"end":{"line":597,"column":95}},"255":{"start":{"line":599,"column":14},"end":{"line":599,"column":30}},"256":{"start":{"line":600,"column":21},"end":{"line":600,"column":86}},"257":{"start":{"line":601,"column":2},"end":{"line":601,"column":81}},"258":{"start":{"line":601,"column":26},"end":{"line":601,"column":81}},"259":{"start":{"line":602,"column":2},"end":{"line":604,"column":3}},"260":{"start":{"line":603,"column":4},"end":{"line":603,"column":87}},"261":{"start":{"line":606,"column":16},"end":{"line":606,"column":54}},"262":{"start":{"line":607,"column":24},"end":{"line":607,"column":114}},"263":{"start":{"line":608,"column":19},"end":{"line":608,"column":51}},"264":{"start":{"line":610,"column":2},"end":{"line":617,"column":5}},"265":{"start":{"line":619,"column":2},"end":{"line":619,"column":37}}},"fnMap":{"0":{"name":"hashRoomName","decl":{"start":{"line":22,"column":9},"end":{"line":22,"column":21}},"loc":{"start":{"line":22,"column":29},"end":{"line":24,"column":1}},"line":22},"1":{"name":"(anonymous_1)","decl":{"start":{"line":34,"column":3},"end":{"line":34,"column":4}},"loc":{"start":{"line":34,"column":22},"end":{"line":142,"column":1}},"line":34},"2":{"name":"(anonymous_2)","decl":{"start":{"line":153,"column":3},"end":{"line":153,"column":4}},"loc":{"start":{"line":153,"column":22},"end":{"line":310,"column":1}},"line":153},"3":{"name":"(anonymous_3)","decl":{"start":{"line":189,"column":37},"end":{"line":189,"column":38}},"loc":{"start":{"line":189,"column":42},"end":{"line":189,"column":55}},"line":189},"4":{"name":"(anonymous_4)","decl":{"start":{"line":191,"column":37},"end":{"line":191,"column":38}},"loc":{"start":{"line":191,"column":42},"end":{"line":191,"column":77}},"line":191},"5":{"name":"(anonymous_5)","decl":{"start":{"line":202,"column":24},"end":{"line":202,"column":25}},"loc":{"start":{"line":202,"column":35},"end":{"line":202,"column":60}},"line":202},"6":{"name":"(anonymous_6)","decl":{"start":{"line":327,"column":3},"end":{"line":327,"column":4}},"loc":{"start":{"line":327,"column":22},"end":{"line":425,"column":1}},"line":327},"7":{"name":"(anonymous_7)","decl":{"start":{"line":358,"column":45},"end":{"line":358,"column":46}},"loc":{"start":{"line":358,"column":50},"end":{"line":358,"column":63}},"line":358},"8":{"name":"(anonymous_8)","decl":{"start":{"line":435,"column":3},"end":{"line":435,"column":4}},"loc":{"start":{"line":435,"column":23},"end":{"line":541,"column":1}},"line":435},"9":{"name":"(anonymous_9)","decl":{"start":{"line":548,"column":3},"end":{"line":548,"column":4}},"loc":{"start":{"line":548,"column":22},"end":{"line":586,"column":1}},"line":548},"10":{"name":"(anonymous_10)","decl":{"start":{"line":593,"column":3},"end":{"line":593,"column":4}},"loc":{"start":{"line":593,"column":22},"end":{"line":620,"column":1}},"line":593}},"branchMap":{"0":{"loc":{"start":{"line":36,"column":2},"end":{"line":38,"column":3}},"type":"if","locations":[{"start":{"line":36,"column":2},"end":{"line":38,"column":3}},{"start":{},"end":{}}],"line":36},"1":{"loc":{"start":{"line":41,"column":2},"end":{"line":43,"column":3}},"type":"if","locations":[{"start":{"line":41,"column":2},"end":{"line":43,"column":3}},{"start":{},"end":{}}],"line":41},"2":{"loc":{"start":{"line":54,"column":4},"end":{"line":56,"column":5}},"type":"if","locations":[{"start":{"line":54,"column":4},"end":{"line":56,"column":5}},{"start":{},"end":{}}],"line":54},"3":{"loc":{"start":{"line":59,"column":21},"end":{"line":59,"column":81}},"type":"cond-expr","locations":[{"start":{"line":59,"column":39},"end":{"line":59,"column":54}},{"start":{"line":59,"column":57},"end":{"line":59,"column":81}}],"line":59},"4":{"loc":{"start":{"line":62,"column":23},"end":{"line":62,"column":95}},"type":"binary-expr","locations":[{"start":{"line":62,"column":23},"end":{"line":62,"column":50}},{"start":{"line":62,"column":54},"end":{"line":62,"column":95}}],"line":62},"5":{"loc":{"start":{"line":66,"column":4},"end":{"line":68,"column":5}},"type":"if","locations":[{"start":{"line":66,"column":4},"end":{"line":68,"column":5}},{"start":{},"end":{}}],"line":66},"6":{"loc":{"start":{"line":66,"column":8},"end":{"line":66,"column":45}},"type":"binary-expr","locations":[{"start":{"line":66,"column":8},"end":{"line":66,"column":18}},{"start":{"line":66,"column":22},"end":{"line":66,"column":33}},{"start":{"line":66,"column":37},"end":{"line":66,"column":45}}],"line":66},"7":{"loc":{"start":{"line":79,"column":28},"end":{"line":79,"column":78}},"type":"binary-expr","locations":[{"start":{"line":79,"column":28},"end":{"line":79,"column":41}},{"start":{"line":79,"column":45},"end":{"line":79,"column":65}},{"start":{"line":79,"column":69},"end":{"line":79,"column":78}}],"line":79},"8":{"loc":{"start":{"line":82,"column":26},"end":{"line":82,"column":84}},"type":"cond-expr","locations":[{"start":{"line":82,"column":63},"end":{"line":82,"column":78}},{"start":{"line":82,"column":81},"end":{"line":82,"column":84}}],"line":82},"9":{"loc":{"start":{"line":82,"column":27},"end":{"line":82,"column":59}},"type":"binary-expr","locations":[{"start":{"line":82,"column":27},"end":{"line":82,"column":36}},{"start":{"line":82,"column":40},"end":{"line":82,"column":59}}],"line":82},"10":{"loc":{"start":{"line":89,"column":24},"end":{"line":89,"column":44}},"type":"binary-expr","locations":[{"start":{"line":89,"column":24},"end":{"line":89,"column":33}},{"start":{"line":89,"column":37},"end":{"line":89,"column":44}}],"line":89},"11":{"loc":{"start":{"line":102,"column":4},"end":{"line":104,"column":5}},"type":"if","locations":[{"start":{"line":102,"column":4},"end":{"line":104,"column":5}},{"start":{},"end":{}}],"line":102},"12":{"loc":{"start":{"line":102,"column":8},"end":{"line":102,"column":40}},"type":"binary-expr","locations":[{"start":{"line":102,"column":8},"end":{"line":102,"column":20}},{"start":{"line":102,"column":24},"end":{"line":102,"column":40}}],"line":102},"13":{"loc":{"start":{"line":109,"column":12},"end":{"line":109,"column":53}},"type":"cond-expr","locations":[{"start":{"line":109,"column":26},"end":{"line":109,"column":37}},{"start":{"line":109,"column":40},"end":{"line":109,"column":53}}],"line":109},"14":{"loc":{"start":{"line":110,"column":14},"end":{"line":110,"column":60}},"type":"binary-expr","locations":[{"start":{"line":110,"column":14},"end":{"line":110,"column":31}},{"start":{"line":110,"column":35},"end":{"line":110,"column":52}},{"start":{"line":110,"column":56},"end":{"line":110,"column":60}}],"line":110},"15":{"loc":{"start":{"line":124,"column":16},"end":{"line":124,"column":51}},"type":"cond-expr","locations":[{"start":{"line":124,"column":30},"end":{"line":124,"column":39}},{"start":{"line":124,"column":42},"end":{"line":124,"column":51}}],"line":124},"16":{"loc":{"start":{"line":139,"column":4},"end":{"line":139,"column":49}},"type":"if","locations":[{"start":{"line":139,"column":4},"end":{"line":139,"column":49}},{"start":{},"end":{}}],"line":139},"17":{"loc":{"start":{"line":154,"column":2},"end":{"line":154,"column":80}},"type":"if","locations":[{"start":{"line":154,"column":2},"end":{"line":154,"column":80}},{"start":{},"end":{}}],"line":154},"18":{"loc":{"start":{"line":157,"column":2},"end":{"line":159,"column":3}},"type":"if","locations":[{"start":{"line":157,"column":2},"end":{"line":159,"column":3}},{"start":{},"end":{}}],"line":157},"19":{"loc":{"start":{"line":157,"column":6},"end":{"line":157,"column":26}},"type":"binary-expr","locations":[{"start":{"line":157,"column":6},"end":{"line":157,"column":15}},{"start":{"line":157,"column":19},"end":{"line":157,"column":26}}],"line":157},"20":{"loc":{"start":{"line":165,"column":2},"end":{"line":165,"column":81}},"type":"if","locations":[{"start":{"line":165,"column":2},"end":{"line":165,"column":81}},{"start":{},"end":{}}],"line":165},"21":{"loc":{"start":{"line":167,"column":2},"end":{"line":169,"column":3}},"type":"if","locations":[{"start":{"line":167,"column":2},"end":{"line":169,"column":3}},{"start":{},"end":{}}],"line":167},"22":{"loc":{"start":{"line":176,"column":2},"end":{"line":262,"column":3}},"type":"if","locations":[{"start":{"line":176,"column":2},"end":{"line":262,"column":3}},{"start":{},"end":{}}],"line":176},"23":{"loc":{"start":{"line":190,"column":6},"end":{"line":192,"column":7}},"type":"if","locations":[{"start":{"line":190,"column":6},"end":{"line":192,"column":7}},{"start":{},"end":{}}],"line":190},"24":{"loc":{"start":{"line":214,"column":8},"end":{"line":250,"column":9}},"type":"if","locations":[{"start":{"line":214,"column":8},"end":{"line":250,"column":9}},{"start":{"line":248,"column":15},"end":{"line":250,"column":9}}],"line":214},"25":{"loc":{"start":{"line":220,"column":10},"end":{"line":247,"column":11}},"type":"if","locations":[{"start":{"line":220,"column":10},"end":{"line":247,"column":11}},{"start":{"line":245,"column":17},"end":{"line":247,"column":11}}],"line":220},"26":{"loc":{"start":{"line":220,"column":14},"end":{"line":220,"column":36}},"type":"binary-expr","locations":[{"start":{"line":220,"column":14},"end":{"line":220,"column":24}},{"start":{"line":220,"column":28},"end":{"line":220,"column":36}}],"line":220},"27":{"loc":{"start":{"line":223,"column":12},"end":{"line":226,"column":13}},"type":"if","locations":[{"start":{"line":223,"column":12},"end":{"line":226,"column":13}},{"start":{},"end":{}}],"line":223},"28":{"loc":{"start":{"line":224,"column":30},"end":{"line":224,"column":83}},"type":"cond-expr","locations":[{"start":{"line":224,"column":51},"end":{"line":224,"column":71}},{"start":{"line":224,"column":74},"end":{"line":224,"column":83}}],"line":224},"29":{"loc":{"start":{"line":237,"column":26},"end":{"line":237,"column":64}},"type":"binary-expr","locations":[{"start":{"line":237,"column":26},"end":{"line":237,"column":46}},{"start":{"line":237,"column":50},"end":{"line":237,"column":64}}],"line":237},"30":{"loc":{"start":{"line":240,"column":28},"end":{"line":240,"column":85}},"type":"binary-expr","locations":[{"start":{"line":240,"column":28},"end":{"line":240,"column":37}},{"start":{"line":240,"column":41},"end":{"line":240,"column":85}}],"line":240},"31":{"loc":{"start":{"line":259,"column":6},"end":{"line":259,"column":51}},"type":"if","locations":[{"start":{"line":259,"column":6},"end":{"line":259,"column":51}},{"start":{},"end":{}}],"line":259},"32":{"loc":{"start":{"line":265,"column":2},"end":{"line":267,"column":3}},"type":"if","locations":[{"start":{"line":265,"column":2},"end":{"line":267,"column":3}},{"start":{},"end":{}}],"line":265},"33":{"loc":{"start":{"line":276,"column":4},"end":{"line":286,"column":5}},"type":"if","locations":[{"start":{"line":276,"column":4},"end":{"line":286,"column":5}},{"start":{},"end":{}}],"line":276},"34":{"loc":{"start":{"line":280,"column":8},"end":{"line":283,"column":9}},"type":"if","locations":[{"start":{"line":280,"column":8},"end":{"line":283,"column":9}},{"start":{},"end":{}}],"line":280},"35":{"loc":{"start":{"line":288,"column":4},"end":{"line":297,"column":5}},"type":"if","locations":[{"start":{"line":288,"column":4},"end":{"line":297,"column":5}},{"start":{},"end":{}}],"line":288},"36":{"loc":{"start":{"line":291,"column":8},"end":{"line":294,"column":9}},"type":"if","locations":[{"start":{"line":291,"column":8},"end":{"line":294,"column":9}},{"start":{},"end":{}}],"line":291},"37":{"loc":{"start":{"line":299,"column":4},"end":{"line":302,"column":5}},"type":"if","locations":[{"start":{"line":299,"column":4},"end":{"line":302,"column":5}},{"start":{},"end":{}}],"line":299},"38":{"loc":{"start":{"line":307,"column":4},"end":{"line":307,"column":49}},"type":"if","locations":[{"start":{"line":307,"column":4},"end":{"line":307,"column":49}},{"start":{},"end":{}}],"line":307},"39":{"loc":{"start":{"line":328,"column":2},"end":{"line":328,"column":80}},"type":"if","locations":[{"start":{"line":328,"column":2},"end":{"line":328,"column":80}},{"start":{},"end":{}}],"line":328},"40":{"loc":{"start":{"line":331,"column":2},"end":{"line":331,"column":81}},"type":"if","locations":[{"start":{"line":331,"column":2},"end":{"line":331,"column":81}},{"start":{},"end":{}}],"line":331},"41":{"loc":{"start":{"line":332,"column":2},"end":{"line":332,"column":102}},"type":"if","locations":[{"start":{"line":332,"column":2},"end":{"line":332,"column":102}},{"start":{},"end":{}}],"line":332},"42":{"loc":{"start":{"line":332,"column":6},"end":{"line":332,"column":36}},"type":"binary-expr","locations":[{"start":{"line":332,"column":6},"end":{"line":332,"column":19}},{"start":{"line":332,"column":23},"end":{"line":332,"column":36}}],"line":332},"43":{"loc":{"start":{"line":338,"column":4},"end":{"line":338,"column":83}},"type":"if","locations":[{"start":{"line":338,"column":4},"end":{"line":338,"column":83}},{"start":{},"end":{}}],"line":338},"44":{"loc":{"start":{"line":342,"column":4},"end":{"line":344,"column":5}},"type":"if","locations":[{"start":{"line":342,"column":4},"end":{"line":344,"column":5}},{"start":{},"end":{}}],"line":342},"45":{"loc":{"start":{"line":359,"column":4},"end":{"line":361,"column":5}},"type":"if","locations":[{"start":{"line":359,"column":4},"end":{"line":361,"column":5}},{"start":{},"end":{}}],"line":359},"46":{"loc":{"start":{"line":383,"column":19},"end":{"line":385,"column":54}},"type":"cond-expr","locations":[{"start":{"line":384,"column":10},"end":{"line":384,"column":45}},{"start":{"line":385,"column":10},"end":{"line":385,"column":54}}],"line":383},"47":{"loc":{"start":{"line":422,"column":4},"end":{"line":422,"column":49}},"type":"if","locations":[{"start":{"line":422,"column":4},"end":{"line":422,"column":49}},{"start":{},"end":{}}],"line":422},"48":{"loc":{"start":{"line":443,"column":23},"end":{"line":443,"column":76}},"type":"cond-expr","locations":[{"start":{"line":443,"column":37},"end":{"line":443,"column":65}},{"start":{"line":443,"column":68},"end":{"line":443,"column":76}}],"line":443},"49":{"loc":{"start":{"line":444,"column":23},"end":{"line":444,"column":77}},"type":"binary-expr","locations":[{"start":{"line":444,"column":23},"end":{"line":444,"column":48}},{"start":{"line":444,"column":52},"end":{"line":444,"column":77}}],"line":444},"50":{"loc":{"start":{"line":449,"column":4},"end":{"line":534,"column":5}},"type":"if","locations":[{"start":{"line":449,"column":4},"end":{"line":534,"column":5}},{"start":{},"end":{}}],"line":449},"51":{"loc":{"start":{"line":463,"column":6},"end":{"line":533,"column":7}},"type":"if","locations":[{"start":{"line":463,"column":6},"end":{"line":533,"column":7}},{"start":{"line":531,"column":13},"end":{"line":533,"column":7}}],"line":463},"52":{"loc":{"start":{"line":473,"column":10},"end":{"line":480,"column":11}},"type":"if","locations":[{"start":{"line":473,"column":10},"end":{"line":480,"column":11}},{"start":{},"end":{}}],"line":473},"53":{"loc":{"start":{"line":474,"column":28},"end":{"line":474,"column":96}},"type":"cond-expr","locations":[{"start":{"line":474,"column":54},"end":{"line":474,"column":79}},{"start":{"line":474,"column":82},"end":{"line":474,"column":96}}],"line":474},"54":{"loc":{"start":{"line":486,"column":8},"end":{"line":506,"column":9}},"type":"if","locations":[{"start":{"line":486,"column":8},"end":{"line":506,"column":9}},{"start":{},"end":{}}],"line":486},"55":{"loc":{"start":{"line":488,"column":12},"end":{"line":502,"column":13}},"type":"if","locations":[{"start":{"line":488,"column":12},"end":{"line":502,"column":13}},{"start":{"line":494,"column":19},"end":{"line":502,"column":13}}],"line":488},"56":{"loc":{"start":{"line":488,"column":16},"end":{"line":488,"column":113}},"type":"binary-expr","locations":[{"start":{"line":488,"column":16},"end":{"line":488,"column":38}},{"start":{"line":488,"column":42},"end":{"line":488,"column":75}},{"start":{"line":488,"column":79},"end":{"line":488,"column":113}}],"line":488},"57":{"loc":{"start":{"line":494,"column":19},"end":{"line":502,"column":13}},"type":"if","locations":[{"start":{"line":494,"column":19},"end":{"line":502,"column":13}},{"start":{},"end":{}}],"line":494},"58":{"loc":{"start":{"line":494,"column":23},"end":{"line":494,"column":65}},"type":"binary-expr","locations":[{"start":{"line":494,"column":23},"end":{"line":494,"column":41}},{"start":{"line":494,"column":45},"end":{"line":494,"column":65}}],"line":494},"59":{"loc":{"start":{"line":497,"column":14},"end":{"line":501,"column":15}},"type":"if","locations":[{"start":{"line":497,"column":14},"end":{"line":501,"column":15}},{"start":{},"end":{}}],"line":497},"60":{"loc":{"start":{"line":508,"column":8},"end":{"line":530,"column":9}},"type":"if","locations":[{"start":{"line":508,"column":8},"end":{"line":530,"column":9}},{"start":{"line":527,"column":15},"end":{"line":530,"column":9}}],"line":508},"61":{"loc":{"start":{"line":508,"column":12},"end":{"line":508,"column":78}},"type":"binary-expr","locations":[{"start":{"line":508,"column":12},"end":{"line":508,"column":35}},{"start":{"line":508,"column":39},"end":{"line":508,"column":78}}],"line":508},"62":{"loc":{"start":{"line":520,"column":24},"end":{"line":520,"column":86}},"type":"binary-expr","locations":[{"start":{"line":520,"column":24},"end":{"line":520,"column":38}},{"start":{"line":520,"column":42},"end":{"line":520,"column":86}}],"line":520},"63":{"loc":{"start":{"line":549,"column":2},"end":{"line":549,"column":80}},"type":"if","locations":[{"start":{"line":549,"column":2},"end":{"line":549,"column":80}},{"start":{},"end":{}}],"line":549},"64":{"loc":{"start":{"line":551,"column":20},"end":{"line":551,"column":46}},"type":"default-arg","locations":[{"start":{"line":551,"column":34},"end":{"line":551,"column":46}}],"line":551},"65":{"loc":{"start":{"line":552,"column":2},"end":{"line":552,"column":83}},"type":"if","locations":[{"start":{"line":552,"column":2},"end":{"line":552,"column":83}},{"start":{},"end":{}}],"line":552},"66":{"loc":{"start":{"line":558,"column":2},"end":{"line":558,"column":81}},"type":"if","locations":[{"start":{"line":558,"column":2},"end":{"line":558,"column":81}},{"start":{},"end":{}}],"line":558},"67":{"loc":{"start":{"line":559,"column":2},"end":{"line":561,"column":3}},"type":"if","locations":[{"start":{"line":559,"column":2},"end":{"line":561,"column":3}},{"start":{},"end":{}}],"line":559},"68":{"loc":{"start":{"line":573,"column":24},"end":{"line":573,"column":68}},"type":"cond-expr","locations":[{"start":{"line":573,"column":54},"end":{"line":573,"column":59}},{"start":{"line":573,"column":62},"end":{"line":573,"column":68}}],"line":573},"69":{"loc":{"start":{"line":594,"column":2},"end":{"line":594,"column":80}},"type":"if","locations":[{"start":{"line":594,"column":2},"end":{"line":594,"column":80}},{"start":{},"end":{}}],"line":594},"70":{"loc":{"start":{"line":597,"column":2},"end":{"line":597,"column":95}},"type":"if","locations":[{"start":{"line":597,"column":2},"end":{"line":597,"column":95}},{"start":{},"end":{}}],"line":597},"71":{"loc":{"start":{"line":597,"column":6},"end":{"line":597,"column":30}},"type":"binary-expr","locations":[{"start":{"line":597,"column":6},"end":{"line":597,"column":15}},{"start":{"line":597,"column":19},"end":{"line":597,"column":30}}],"line":597},"72":{"loc":{"start":{"line":601,"column":2},"end":{"line":601,"column":81}},"type":"if","locations":[{"start":{"line":601,"column":2},"end":{"line":601,"column":81}},{"start":{},"end":{}}],"line":601},"73":{"loc":{"start":{"line":602,"column":2},"end":{"line":604,"column":3}},"type":"if","locations":[{"start":{"line":602,"column":2},"end":{"line":604,"column":3}},{"start":{},"end":{}}],"line":602},"74":{"loc":{"start":{"line":607,"column":24},"end":{"line":607,"column":114}},"type":"cond-expr","locations":[{"start":{"line":607,"column":60},"end":{"line":607,"column":92}},{"start":{"line":607,"column":95},"end":{"line":607,"column":114}}],"line":607},"75":{"loc":{"start":{"line":615,"column":14},"end":{"line":615,"column":27}},"type":"binary-expr","locations":[{"start":{"line":615,"column":14},"end":{"line":615,"column":22}},{"start":{"line":615,"column":26},"end":{"line":615,"column":27}}],"line":615}},"s":{"0":1,"1":1,"2":1,"3":1,"4":1,"5":1,"6":1,"7":1,"8":1,"9":1,"10":1,"11":1,"12":1,"13":6,"14":1,"15":4,"16":1,"17":3,"18":3,"19":1,"20":2,"21":2,"22":2,"23":2,"24":1,"25":1,"26":1,"27":1,"28":1,"29":1,"30":1,"31":0,"32":1,"33":1,"34":1,"35":1,"36":1,"37":1,"38":1,"39":1,"40":1,"41":1,"42":1,"43":0,"44":1,"45":1,"46":1,"47":1,"48":1,"49":1,"50":0,"51":1,"52":1,"53":1,"54":1,"55":0,"56":1,"57":6,"58":1,"59":5,"60":5,"61":0,"62":5,"63":5,"64":5,"65":0,"66":5,"67":5,"68":1,"69":4,"70":4,"71":4,"72":4,"73":1,"74":1,"75":1,"76":1,"77":1,"78":1,"79":1,"80":1,"81":1,"82":1,"83":1,"84":1,"85":1,"86":1,"87":1,"88":1,"89":1,"90":1,"91":1,"92":1,"93":1,"94":1,"95":0,"96":0,"97":1,"98":1,"99":1,"100":1,"101":0,"102":0,"103":0,"104":1,"105":0,"106":0,"107":0,"108":0,"109":3,"110":0,"111":3,"112":3,"113":3,"114":1,"115":1,"116":1,"117":1,"118":1,"119":1,"120":2,"121":1,"122":1,"123":2,"124":1,"125":1,"126":1,"127":1,"128":1,"129":1,"130":0,"131":0,"132":0,"133":0,"134":0,"135":1,"136":1,"137":0,"138":1,"139":1,"140":0,"141":1,"142":0,"143":1,"144":1,"145":1,"146":1,"147":0,"148":1,"149":1,"150":0,"151":1,"152":1,"153":1,"154":1,"155":1,"156":1,"157":1,"158":1,"159":1,"160":0,"161":0,"162":0,"163":0,"164":0,"165":0,"166":0,"167":0,"168":0,"169":0,"170":0,"171":0,"172":0,"173":1,"174":1,"175":1,"176":1,"177":1,"178":1,"179":1,"180":1,"181":1,"182":1,"183":1,"184":1,"185":1,"186":1,"187":1,"188":1,"189":1,"190":1,"191":1,"192":1,"193":1,"194":1,"195":1,"196":1,"197":1,"198":1,"199":1,"200":1,"201":0,"202":1,"203":0,"204":0,"205":0,"206":0,"207":0,"208":0,"209":0,"210":0,"211":0,"212":0,"213":0,"214":0,"215":0,"216":0,"217":1,"218":1,"219":1,"220":1,"221":1,"222":1,"223":1,"224":0,"225":0,"226":0,"227":1,"228":0,"229":0,"230":1,"231":1,"232":0,"233":1,"234":1,"235":0,"236":1,"237":1,"238":1,"239":0,"240":1,"241":0,"242":1,"243":1,"244":1,"245":1,"246":1,"247":1,"248":1,"249":1,"250":1,"251":0,"252":1,"253":1,"254":0,"255":1,"256":1,"257":1,"258":0,"259":1,"260":0,"261":1,"262":1,"263":1,"264":1,"265":1},"f":{"0":6,"1":4,"2":6,"3":1,"4":1,"5":1,"6":1,"7":1,"8":1,"9":1,"10":1},"b":{"0":[1,3],"1":[1,2],"2":[1,1],"3":[1,0],"4":[1,1],"5":[0,1],"6":[1,0,0],"7":[1,0,0],"8":[0,1],"9":[1,1],"10":[1,0],"11":[0,1],"12":[1,0],"13":[1,0],"14":[1,1,1],"15":[1,0],"16":[1,0],"17":[1,5],"18":[0,5],"19":[5,5],"20":[0,5],"21":[1,4],"22":[1,3],"23":[1,0],"24":[1,0],"25":[1,0],"26":[1,1],"27":[0,1],"28":[0,0],"29":[1,1],"30":[1,1],"31":[0,0],"32":[0,3],"33":[1,2],"34":[1,0],"35":[1,1],"36":[1,1],"37":[1,0],"38":[0,0],"39":[0,1],"40":[0,1],"41":[0,1],"42":[1,1],"43":[0,1],"44":[0,1],"45":[1,0],"46":[0,0],"47":[0,0],"48":[1,0],"49":[1,0],"50":[1,0],"51":[1,0],"52":[1,0],"53":[1,0],"54":[0,1],"55":[0,0],"56":[0,0,0],"57":[0,0],"58":[0,0],"59":[0,0],"60":[1,0],"61":[1,0],"62":[1,0],"63":[0,1],"64":[1],"65":[0,1],"66":[0,1],"67":[0,1],"68":[0,1],"69":[0,1],"70":[0,1],"71":[1,1],"72":[0,1],"73":[0,1],"74":[0,1],"75":[1,1]},"_coverageSchema":"1a1c01bbd47fc00a2c39e90264f33305004495a9","hash":"e9e68555d82371f7a090429de6e8251910639b81"}
,"/Users/yazanqattous/Desktop/flutter_projects/calligro_app/functions/notifications.js": {"path":"/Users/yazanqattous/Desktop/flutter_projects/calligro_app/functions/notifications.js","statementMap":{"0":{"start":{"line":1,"column":49},"end":{"line":1,"column":91}},"1":{"start":{"line":2,"column":31},"end":{"line":2,"column":69}},"2":{"start":{"line":3,"column":25},"end":{"line":3,"column":61}},"3":{"start":{"line":4,"column":14},"end":{"line":4,"column":39}},"4":{"start":{"line":6,"column":20},"end":{"line":6,"column":49}},"5":{"start":{"line":8,"column":0},"end":{"line":8,"column":48}},"6":{"start":{"line":12,"column":23},"end":{"line":103,"column":5}},"7":{"start":{"line":105,"column":26},"end":{"line":121,"column":5}},"8":{"start":{"line":123,"column":21},"end":{"line":123,"column":51}},"9":{"start":{"line":125,"column":4},"end":{"line":169,"column":5}},"10":{"start":{"line":126,"column":29},"end":{"line":126,"column":53}},"11":{"start":{"line":127,"column":18},"end":{"line":127,"column":41}},"12":{"start":{"line":128,"column":25},"end":{"line":128,"column":106}},"13":{"start":{"line":130,"column":8},"end":{"line":168,"column":10}},"14":{"start":{"line":171,"column":15},"end":{"line":171,"column":65}},"15":{"start":{"line":173,"column":4},"end":{"line":175,"column":5}},"16":{"start":{"line":174,"column":8},"end":{"line":174,"column":47}},"17":{"start":{"line":176,"column":4},"end":{"line":176,"column":16}},"18":{"start":{"line":181,"column":4},"end":{"line":241,"column":5}},"19":{"start":{"line":182,"column":8},"end":{"line":182,"column":89}},"20":{"start":{"line":183,"column":24},"end":{"line":183,"column":89}},"21":{"start":{"line":184,"column":8},"end":{"line":184,"column":36}},"22":{"start":{"line":184,"column":29},"end":{"line":184,"column":36}},"23":{"start":{"line":186,"column":25},"end":{"line":186,"column":39}},"24":{"start":{"line":187,"column":22},"end":{"line":187,"column":39}},"25":{"start":{"line":188,"column":21},"end":{"line":188,"column":55}},"26":{"start":{"line":190,"column":22},"end":{"line":190,"column":62}},"27":{"start":{"line":191,"column":21},"end":{"line":191,"column":60}},"28":{"start":{"line":194,"column":8},"end":{"line":200,"column":11}},"29":{"start":{"line":203,"column":8},"end":{"line":238,"column":9}},"30":{"start":{"line":204,"column":12},"end":{"line":204,"column":95}},"31":{"start":{"line":205,"column":12},"end":{"line":234,"column":15}},"32":{"start":{"line":235,"column":12},"end":{"line":235,"column":81}},"33":{"start":{"line":237,"column":12},"end":{"line":237,"column":85}},"34":{"start":{"line":240,"column":8},"end":{"line":240,"column":54}},"35":{"start":{"line":246,"column":4},"end":{"line":281,"column":5}},"36":{"start":{"line":247,"column":23},"end":{"line":247,"column":42}},"37":{"start":{"line":248,"column":8},"end":{"line":251,"column":9}},"38":{"start":{"line":249,"column":12},"end":{"line":249,"column":82}},"39":{"start":{"line":250,"column":12},"end":{"line":250,"column":19}},"40":{"start":{"line":253,"column":8},"end":{"line":253,"column":67}},"41":{"start":{"line":255,"column":24},"end":{"line":255,"column":66}},"42":{"start":{"line":256,"column":28},"end":{"line":256,"column":104}},"43":{"start":{"line":258,"column":25},"end":{"line":271,"column":10}},"44":{"start":{"line":273,"column":23},"end":{"line":273,"column":44}},"45":{"start":{"line":274,"column":8},"end":{"line":278,"column":9}},"46":{"start":{"line":275,"column":12},"end":{"line":275,"column":76}},"47":{"start":{"line":277,"column":12},"end":{"line":277,"column":93}},"48":{"start":{"line":280,"column":8},"end":{"line":280,"column":62}},"49":{"start":{"line":287,"column":0},"end":{"line":313,"column":3}},"50":{"start":{"line":288,"column":23},"end":{"line":288,"column":47}},"51":{"start":{"line":289,"column":22},"end":{"line":289,"column":45}},"52":{"start":{"line":291,"column":24},"end":{"line":291,"column":57}},"53":{"start":{"line":292,"column":24},"end":{"line":292,"column":56}},"54":{"start":{"line":294,"column":4},"end":{"line":294,"column":62}},"55":{"start":{"line":294,"column":50},"end":{"line":294,"column":62}},"56":{"start":{"line":296,"column":25},"end":{"line":296,"column":74}},"57":{"start":{"line":296,"column":48},"end":{"line":296,"column":73}},"58":{"start":{"line":297,"column":4},"end":{"line":297,"column":35}},"59":{"start":{"line":297,"column":23},"end":{"line":297,"column":35}},"60":{"start":{"line":299,"column":22},"end":{"line":299,"column":41}},"61":{"start":{"line":300,"column":4},"end":{"line":300,"column":32}},"62":{"start":{"line":300,"column":20},"end":{"line":300,"column":32}},"63":{"start":{"line":303,"column":23},"end":{"line":303,"column":90}},"64":{"start":{"line":304,"column":24},"end":{"line":304,"column":97}},"65":{"start":{"line":306,"column":4},"end":{"line":312,"column":7}},"66":{"start":{"line":318,"column":0},"end":{"line":350,"column":3}},"67":{"start":{"line":319,"column":29},"end":{"line":319,"column":46}},"68":{"start":{"line":320,"column":4},"end":{"line":320,"column":39}},"69":{"start":{"line":320,"column":27},"end":{"line":320,"column":39}},"70":{"start":{"line":323,"column":22},"end":{"line":323,"column":100}},"71":{"start":{"line":324,"column":4},"end":{"line":324,"column":39}},"72":{"start":{"line":324,"column":27},"end":{"line":324,"column":39}},"73":{"start":{"line":326,"column":23},"end":{"line":326,"column":39}},"74":{"start":{"line":327,"column":29},"end":{"line":327,"column":62}},"75":{"start":{"line":328,"column":4},"end":{"line":328,"column":51}},"76":{"start":{"line":328,"column":39},"end":{"line":328,"column":51}},"77":{"start":{"line":330,"column":23},"end":{"line":330,"column":82}},"78":{"start":{"line":331,"column":24},"end":{"line":331,"column":67}},"79":{"start":{"line":334,"column":21},"end":{"line":346,"column":5}},"80":{"start":{"line":335,"column":8},"end":{"line":345,"column":10}},"81":{"start":{"line":348,"column":4},"end":{"line":348,"column":32}},"82":{"start":{"line":349,"column":4},"end":{"line":349,"column":16}},"83":{"start":{"line":355,"column":0},"end":{"line":395,"column":3}},"84":{"start":{"line":356,"column":27},"end":{"line":356,"column":44}},"85":{"start":{"line":357,"column":4},"end":{"line":357,"column":37}},"86":{"start":{"line":357,"column":25},"end":{"line":357,"column":37}},"87":{"start":{"line":360,"column":22},"end":{"line":360,"column":100}},"88":{"start":{"line":361,"column":4},"end":{"line":361,"column":39}},"89":{"start":{"line":361,"column":27},"end":{"line":361,"column":39}},"90":{"start":{"line":363,"column":23},"end":{"line":363,"column":39}},"91":{"start":{"line":364,"column":29},"end":{"line":364,"column":62}},"92":{"start":{"line":365,"column":4},"end":{"line":365,"column":51}},"93":{"start":{"line":365,"column":39},"end":{"line":365,"column":51}},"94":{"start":{"line":367,"column":23},"end":{"line":367,"column":82}},"95":{"start":{"line":368,"column":28},"end":{"line":368,"column":64}},"96":{"start":{"line":370,"column":22},"end":{"line":370,"column":34}},"97":{"start":{"line":371,"column":4},"end":{"line":376,"column":5}},"98":{"start":{"line":372,"column":27},"end":{"line":372,"column":102}},"99":{"start":{"line":373,"column":8},"end":{"line":375,"column":9}},"100":{"start":{"line":374,"column":12},"end":{"line":374,"column":65}},"101":{"start":{"line":379,"column":21},"end":{"line":391,"column":5}},"102":{"start":{"line":380,"column":8},"end":{"line":390,"column":10}},"103":{"start":{"line":393,"column":4},"end":{"line":393,"column":32}},"104":{"start":{"line":394,"column":4},"end":{"line":394,"column":16}},"105":{"start":{"line":400,"column":0},"end":{"line":437,"column":3}},"106":{"start":{"line":401,"column":23},"end":{"line":401,"column":47}},"107":{"start":{"line":402,"column":22},"end":{"line":402,"column":45}},"108":{"start":{"line":405,"column":29},"end":{"line":405,"column":66}},"109":{"start":{"line":406,"column":28},"end":{"line":406,"column":64}},"110":{"start":{"line":409,"column":4},"end":{"line":409,"column":38}},"111":{"start":{"line":409,"column":26},"end":{"line":409,"column":38}},"112":{"start":{"line":410,"column":4},"end":{"line":413,"column":5}},"113":{"start":{"line":412,"column":8},"end":{"line":412,"column":20}},"114":{"start":{"line":415,"column":29},"end":{"line":415,"column":61}},"115":{"start":{"line":416,"column":4},"end":{"line":416,"column":51}},"116":{"start":{"line":416,"column":39},"end":{"line":416,"column":51}},"117":{"start":{"line":418,"column":23},"end":{"line":418,"column":80}},"118":{"start":{"line":421,"column":21},"end":{"line":433,"column":5}},"119":{"start":{"line":422,"column":8},"end":{"line":432,"column":10}},"120":{"start":{"line":435,"column":4},"end":{"line":435,"column":32}},"121":{"start":{"line":436,"column":4},"end":{"line":436,"column":16}},"122":{"start":{"line":442,"column":0},"end":{"line":474,"column":3}},"123":{"start":{"line":443,"column":24},"end":{"line":443,"column":41}},"124":{"start":{"line":444,"column":4},"end":{"line":444,"column":34}},"125":{"start":{"line":444,"column":22},"end":{"line":444,"column":34}},"126":{"start":{"line":447,"column":20},"end":{"line":447,"column":104}},"127":{"start":{"line":448,"column":4},"end":{"line":448,"column":37}},"128":{"start":{"line":448,"column":25},"end":{"line":448,"column":37}},"129":{"start":{"line":450,"column":25},"end":{"line":450,"column":46}},"130":{"start":{"line":452,"column":4},"end":{"line":452,"column":57}},"131":{"start":{"line":452,"column":45},"end":{"line":452,"column":57}},"132":{"start":{"line":455,"column":22},"end":{"line":455,"column":89}},"133":{"start":{"line":456,"column":4},"end":{"line":456,"column":39}},"134":{"start":{"line":456,"column":27},"end":{"line":456,"column":39}},"135":{"start":{"line":457,"column":23},"end":{"line":457,"column":39}},"136":{"start":{"line":458,"column":4},"end":{"line":461,"column":5}},"137":{"start":{"line":459,"column":8},"end":{"line":459,"column":110}},"138":{"start":{"line":460,"column":8},"end":{"line":460,"column":20}},"139":{"start":{"line":463,"column":4},"end":{"line":473,"column":7}},"140":{"start":{"line":479,"column":0},"end":{"line":518,"column":3}},"141":{"start":{"line":480,"column":23},"end":{"line":480,"column":47}},"142":{"start":{"line":481,"column":22},"end":{"line":481,"column":45}},"143":{"start":{"line":484,"column":24},"end":{"line":484,"column":46}},"144":{"start":{"line":485,"column":23},"end":{"line":485,"column":44}},"145":{"start":{"line":488,"column":24},"end":{"line":488,"column":78}},"146":{"start":{"line":488,"column":61},"end":{"line":488,"column":77}},"147":{"start":{"line":491,"column":4},"end":{"line":491,"column":46}},"148":{"start":{"line":491,"column":34},"end":{"line":491,"column":46}},"149":{"start":{"line":493,"column":25},"end":{"line":493,"column":41}},"150":{"start":{"line":494,"column":23},"end":{"line":494,"column":37}},"151":{"start":{"line":497,"column":4},"end":{"line":497,"column":49}},"152":{"start":{"line":497,"column":37},"end":{"line":497,"column":49}},"153":{"start":{"line":500,"column":22},"end":{"line":500,"column":89}},"154":{"start":{"line":501,"column":4},"end":{"line":501,"column":39}},"155":{"start":{"line":501,"column":27},"end":{"line":501,"column":39}},"156":{"start":{"line":502,"column":23},"end":{"line":502,"column":39}},"157":{"start":{"line":503,"column":4},"end":{"line":506,"column":5}},"158":{"start":{"line":504,"column":8},"end":{"line":504,"column":107}},"159":{"start":{"line":505,"column":8},"end":{"line":505,"column":20}},"160":{"start":{"line":508,"column":4},"end":{"line":517,"column":7}},"161":{"start":{"line":523,"column":0},"end":{"line":546,"column":3}},"162":{"start":{"line":524,"column":27},"end":{"line":524,"column":44}},"163":{"start":{"line":525,"column":4},"end":{"line":525,"column":37}},"164":{"start":{"line":525,"column":25},"end":{"line":525,"column":37}},"165":{"start":{"line":528,"column":22},"end":{"line":528,"column":100}},"166":{"start":{"line":529,"column":4},"end":{"line":529,"column":39}},"167":{"start":{"line":529,"column":27},"end":{"line":529,"column":39}},"168":{"start":{"line":530,"column":22},"end":{"line":530,"column":48}},"169":{"start":{"line":533,"column":26},"end":{"line":535,"column":71}},"170":{"start":{"line":537,"column":28},"end":{"line":537,"column":110}},"171":{"start":{"line":539,"column":4},"end":{"line":545,"column":7}},"172":{"start":{"line":551,"column":0},"end":{"line":612,"column":3}},"173":{"start":{"line":555,"column":23},"end":{"line":555,"column":47}},"174":{"start":{"line":556,"column":22},"end":{"line":556,"column":45}},"175":{"start":{"line":558,"column":4},"end":{"line":558,"column":137}},"176":{"start":{"line":561,"column":4},"end":{"line":585,"column":5}},"177":{"start":{"line":562,"column":8},"end":{"line":562,"column":103}},"178":{"start":{"line":565,"column":8},"end":{"line":571,"column":11}},"179":{"start":{"line":574,"column":8},"end":{"line":584,"column":9}},"180":{"start":{"line":575,"column":12},"end":{"line":581,"column":15}},"181":{"start":{"line":583,"column":12},"end":{"line":583,"column":115}},"182":{"start":{"line":588,"column":4},"end":{"line":610,"column":5}},"183":{"start":{"line":589,"column":8},"end":{"line":589,"column":104}},"184":{"start":{"line":592,"column":8},"end":{"line":598,"column":11}},"185":{"start":{"line":601,"column":8},"end":{"line":609,"column":9}},"186":{"start":{"line":602,"column":12},"end":{"line":608,"column":15}},"187":{"start":{"line":611,"column":4},"end":{"line":611,"column":16}},"188":{"start":{"line":620,"column":0},"end":{"line":696,"column":3}},"189":{"start":{"line":621,"column":26},"end":{"line":621,"column":43}},"190":{"start":{"line":622,"column":4},"end":{"line":622,"column":36}},"191":{"start":{"line":622,"column":24},"end":{"line":622,"column":36}},"192":{"start":{"line":624,"column":18},"end":{"line":624,"column":55}},"193":{"start":{"line":625,"column":17},"end":{"line":625,"column":44}},"194":{"start":{"line":626,"column":24},"end":{"line":626,"column":77}},"195":{"start":{"line":628,"column":25},"end":{"line":628,"column":29}},"196":{"start":{"line":629,"column":4},"end":{"line":633,"column":5}},"197":{"start":{"line":630,"column":8},"end":{"line":630,"column":35}},"198":{"start":{"line":631,"column":11},"end":{"line":633,"column":5}},"199":{"start":{"line":632,"column":8},"end":{"line":632,"column":35}},"200":{"start":{"line":635,"column":4},"end":{"line":693,"column":5}},"201":{"start":{"line":636,"column":8},"end":{"line":636,"column":92}},"202":{"start":{"line":638,"column":30},"end":{"line":638,"column":31}},"203":{"start":{"line":639,"column":27},"end":{"line":639,"column":28}},"204":{"start":{"line":640,"column":22},"end":{"line":640,"column":26}},"205":{"start":{"line":641,"column":27},"end":{"line":641,"column":30}},"206":{"start":{"line":643,"column":8},"end":{"line":681,"column":9}},"207":{"start":{"line":644,"column":24},"end":{"line":644,"column":79}},"208":{"start":{"line":645,"column":12},"end":{"line":647,"column":13}},"209":{"start":{"line":646,"column":16},"end":{"line":646,"column":66}},"210":{"start":{"line":648,"column":12},"end":{"line":650,"column":13}},"211":{"start":{"line":649,"column":16},"end":{"line":649,"column":50}},"212":{"start":{"line":652,"column":29},"end":{"line":652,"column":46}},"213":{"start":{"line":653,"column":12},"end":{"line":653,"column":38}},"214":{"start":{"line":653,"column":32},"end":{"line":653,"column":38}},"215":{"start":{"line":655,"column":27},"end":{"line":655,"column":29}},"216":{"start":{"line":656,"column":12},"end":{"line":663,"column":15}},"217":{"start":{"line":657,"column":29},"end":{"line":657,"column":39}},"218":{"start":{"line":658,"column":16},"end":{"line":660,"column":17}},"219":{"start":{"line":659,"column":20},"end":{"line":659,"column":47}},"220":{"start":{"line":661,"column":16},"end":{"line":661,"column":34}},"221":{"start":{"line":662,"column":16},"end":{"line":662,"column":30}},"222":{"start":{"line":665,"column":12},"end":{"line":678,"column":13}},"223":{"start":{"line":666,"column":32},"end":{"line":671,"column":17}},"224":{"start":{"line":673,"column":33},"end":{"line":676,"column":18}},"225":{"start":{"line":677,"column":16},"end":{"line":677,"column":54}},"226":{"start":{"line":680,"column":12},"end":{"line":680,"column":115}},"227":{"start":{"line":683,"column":8},"end":{"line":687,"column":11}},"228":{"start":{"line":689,"column":8},"end":{"line":689,"column":115}},"229":{"start":{"line":692,"column":8},"end":{"line":692,"column":60}},"230":{"start":{"line":695,"column":4},"end":{"line":695,"column":16}},"231":{"start":{"line":703,"column":0},"end":{"line":731,"column":3}},"232":{"start":{"line":704,"column":21},"end":{"line":704,"column":42}},"233":{"start":{"line":705,"column":23},"end":{"line":705,"column":46}},"234":{"start":{"line":708,"column":4},"end":{"line":708,"column":45}},"235":{"start":{"line":708,"column":33},"end":{"line":708,"column":45}},"236":{"start":{"line":710,"column":4},"end":{"line":728,"column":5}},"237":{"start":{"line":712,"column":28},"end":{"line":712,"column":93}},"238":{"start":{"line":713,"column":29},"end":{"line":713,"column":100}},"239":{"start":{"line":715,"column":8},"end":{"line":725,"column":11}},"240":{"start":{"line":727,"column":8},"end":{"line":727,"column":58}},"241":{"start":{"line":730,"column":4},"end":{"line":730,"column":16}},"242":{"start":{"line":736,"column":0},"end":{"line":805,"column":3}},"243":{"start":{"line":738,"column":4},"end":{"line":740,"column":5}},"244":{"start":{"line":739,"column":8},"end":{"line":739,"column":70}},"245":{"start":{"line":742,"column":42},"end":{"line":742,"column":54}},"246":{"start":{"line":743,"column":4},"end":{"line":745,"column":5}},"247":{"start":{"line":744,"column":8},"end":{"line":744,"column":96}},"248":{"start":{"line":748,"column":22},"end":{"line":748,"column":93}},"249":{"start":{"line":749,"column":4},"end":{"line":751,"column":5}},"250":{"start":{"line":750,"column":8},"end":{"line":750,"column":96}},"251":{"start":{"line":753,"column":4},"end":{"line":804,"column":5}},"252":{"start":{"line":755,"column":26},"end":{"line":755,"column":93}},"253":{"start":{"line":756,"column":8},"end":{"line":758,"column":9}},"254":{"start":{"line":757,"column":12},"end":{"line":757,"column":72}},"255":{"start":{"line":760,"column":27},"end":{"line":760,"column":43}},"256":{"start":{"line":761,"column":22},"end":{"line":761,"column":41}},"257":{"start":{"line":764,"column":8},"end":{"line":774,"column":15}},"258":{"start":{"line":777,"column":8},"end":{"line":798,"column":9}},"259":{"start":{"line":778,"column":12},"end":{"line":794,"column":15}},"260":{"start":{"line":795,"column":12},"end":{"line":795,"column":75}},"261":{"start":{"line":797,"column":12},"end":{"line":797,"column":108}},"262":{"start":{"line":800,"column":8},"end":{"line":800,"column":33}},"263":{"start":{"line":802,"column":8},"end":{"line":802,"column":62}},"264":{"start":{"line":803,"column":8},"end":{"line":803,"column":88}},"265":{"start":{"line":811,"column":0},"end":{"line":856,"column":3}},"266":{"start":{"line":812,"column":22},"end":{"line":812,"column":39}},"267":{"start":{"line":813,"column":4},"end":{"line":813,"column":32}},"268":{"start":{"line":813,"column":20},"end":{"line":813,"column":32}},"269":{"start":{"line":815,"column":4},"end":{"line":853,"column":5}},"270":{"start":{"line":817,"column":27},"end":{"line":822,"column":18}},"271":{"start":{"line":824,"column":8},"end":{"line":824,"column":44}},"272":{"start":{"line":824,"column":32},"end":{"line":824,"column":44}},"273":{"start":{"line":826,"column":32},"end":{"line":826,"column":56}},"274":{"start":{"line":828,"column":8},"end":{"line":828,"column":62}},"275":{"start":{"line":828,"column":50},"end":{"line":828,"column":62}},"276":{"start":{"line":831,"column":26},"end":{"line":831,"column":96}},"277":{"start":{"line":832,"column":8},"end":{"line":832,"column":43}},"278":{"start":{"line":832,"column":31},"end":{"line":832,"column":43}},"279":{"start":{"line":833,"column":27},"end":{"line":833,"column":43}},"280":{"start":{"line":834,"column":8},"end":{"line":837,"column":9}},"281":{"start":{"line":835,"column":12},"end":{"line":835,"column":115}},"282":{"start":{"line":836,"column":12},"end":{"line":836,"column":24}},"283":{"start":{"line":839,"column":8},"end":{"line":850,"column":11}},"284":{"start":{"line":852,"column":8},"end":{"line":852,"column":62}},"285":{"start":{"line":855,"column":4},"end":{"line":855,"column":16}},"286":{"start":{"line":862,"column":0},"end":{"line":874,"column":2}},"287":{"start":{"line":863,"column":4},"end":{"line":873,"column":7}}},"fnMap":{"0":{"name":"getLocalizedText","decl":{"start":{"line":11,"column":9},"end":{"line":11,"column":25}},"loc":{"start":{"line":11,"column":50},"end":{"line":177,"column":1}},"line":11},"1":{"name":"sendNotification","decl":{"start":{"line":180,"column":15},"end":{"line":180,"column":31}},"loc":{"start":{"line":180,"column":100},"end":{"line":242,"column":1}},"line":180},"2":{"name":"sendEmail","decl":{"start":{"line":245,"column":15},"end":{"line":245,"column":24}},"loc":{"start":{"line":245,"column":83},"end":{"line":282,"column":1}},"line":245},"3":{"name":"(anonymous_3)","decl":{"start":{"line":287,"column":76},"end":{"line":287,"column":77}},"loc":{"start":{"line":287,"column":93},"end":{"line":313,"column":1}},"line":287},"4":{"name":"(anonymous_4)","decl":{"start":{"line":296,"column":42},"end":{"line":296,"column":43}},"loc":{"start":{"line":296,"column":48},"end":{"line":296,"column":73}},"line":296},"5":{"name":"(anonymous_5)","decl":{"start":{"line":318,"column":110},"end":{"line":318,"column":111}},"loc":{"start":{"line":318,"column":127},"end":{"line":350,"column":1}},"line":318},"6":{"name":"(anonymous_6)","decl":{"start":{"line":334,"column":42},"end":{"line":334,"column":43}},"loc":{"start":{"line":335,"column":8},"end":{"line":345,"column":10}},"line":335},"7":{"name":"(anonymous_7)","decl":{"start":{"line":355,"column":104},"end":{"line":355,"column":105}},"loc":{"start":{"line":355,"column":121},"end":{"line":395,"column":1}},"line":355},"8":{"name":"(anonymous_8)","decl":{"start":{"line":379,"column":42},"end":{"line":379,"column":43}},"loc":{"start":{"line":380,"column":8},"end":{"line":390,"column":10}},"line":380},"9":{"name":"(anonymous_9)","decl":{"start":{"line":400,"column":77},"end":{"line":400,"column":78}},"loc":{"start":{"line":400,"column":94},"end":{"line":437,"column":1}},"line":400},"10":{"name":"(anonymous_10)","decl":{"start":{"line":421,"column":42},"end":{"line":421,"column":43}},"loc":{"start":{"line":422,"column":8},"end":{"line":432,"column":10}},"line":422},"11":{"name":"(anonymous_11)","decl":{"start":{"line":442,"column":99},"end":{"line":442,"column":100}},"loc":{"start":{"line":442,"column":116},"end":{"line":474,"column":1}},"line":442},"12":{"name":"(anonymous_12)","decl":{"start":{"line":479,"column":75},"end":{"line":479,"column":76}},"loc":{"start":{"line":479,"column":92},"end":{"line":518,"column":1}},"line":479},"13":{"name":"(anonymous_13)","decl":{"start":{"line":488,"column":55},"end":{"line":488,"column":56}},"loc":{"start":{"line":488,"column":61},"end":{"line":488,"column":77}},"line":488},"14":{"name":"(anonymous_14)","decl":{"start":{"line":523,"column":130},"end":{"line":523,"column":131}},"loc":{"start":{"line":523,"column":147},"end":{"line":546,"column":1}},"line":523},"15":{"name":"(anonymous_15)","decl":{"start":{"line":554,"column":3},"end":{"line":554,"column":4}},"loc":{"start":{"line":554,"column":20},"end":{"line":612,"column":1}},"line":554},"16":{"name":"(anonymous_16)","decl":{"start":{"line":620,"column":79},"end":{"line":620,"column":80}},"loc":{"start":{"line":620,"column":96},"end":{"line":696,"column":1}},"line":620},"17":{"name":"(anonymous_17)","decl":{"start":{"line":656,"column":29},"end":{"line":656,"column":30}},"loc":{"start":{"line":656,"column":36},"end":{"line":663,"column":13}},"line":656},"18":{"name":"(anonymous_18)","decl":{"start":{"line":703,"column":90},"end":{"line":703,"column":91}},"loc":{"start":{"line":703,"column":107},"end":{"line":731,"column":1}},"line":703},"19":{"name":"(anonymous_19)","decl":{"start":{"line":736,"column":40},"end":{"line":736,"column":41}},"loc":{"start":{"line":736,"column":59},"end":{"line":805,"column":1}},"line":736},"20":{"name":"(anonymous_20)","decl":{"start":{"line":811,"column":118},"end":{"line":811,"column":119}},"loc":{"start":{"line":811,"column":135},"end":{"line":856,"column":1}},"line":811},"21":{"name":"(anonymous_21)","decl":{"start":{"line":862,"column":28},"end":{"line":862,"column":29}},"loc":{"start":{"line":862,"column":82},"end":{"line":874,"column":1}},"line":862}},"branchMap":{"0":{"loc":{"start":{"line":11,"column":37},"end":{"line":11,"column":48}},"type":"default-arg","locations":[{"start":{"line":11,"column":46},"end":{"line":11,"column":48}}],"line":11},"1":{"loc":{"start":{"line":123,"column":21},"end":{"line":123,"column":51}},"type":"cond-expr","locations":[{"start":{"line":123,"column":40},"end":{"line":123,"column":44}},{"start":{"line":123,"column":47},"end":{"line":123,"column":51}}],"line":123},"2":{"loc":{"start":{"line":125,"column":4},"end":{"line":169,"column":5}},"type":"if","locations":[{"start":{"line":125,"column":4},"end":{"line":169,"column":5}},{"start":{},"end":{}}],"line":125},"3":{"loc":{"start":{"line":136,"column":136},"end":{"line":136,"column":169}},"type":"cond-expr","locations":[{"start":{"line":136,"column":156},"end":{"line":136,"column":161}},{"start":{"line":136,"column":164},"end":{"line":136,"column":169}}],"line":136},"4":{"loc":{"start":{"line":171,"column":15},"end":{"line":171,"column":65}},"type":"binary-expr","locations":[{"start":{"line":171,"column":15},"end":{"line":171,"column":40}},{"start":{"line":171,"column":44},"end":{"line":171,"column":65}}],"line":171},"5":{"loc":{"start":{"line":180,"column":71},"end":{"line":180,"column":82}},"type":"default-arg","locations":[{"start":{"line":180,"column":80},"end":{"line":180,"column":82}}],"line":180},"6":{"loc":{"start":{"line":180,"column":84},"end":{"line":180,"column":96}},"type":"default-arg","locations":[{"start":{"line":180,"column":94},"end":{"line":180,"column":96}}],"line":180},"7":{"loc":{"start":{"line":184,"column":8},"end":{"line":184,"column":36}},"type":"if","locations":[{"start":{"line":184,"column":8},"end":{"line":184,"column":36}},{"start":{},"end":{}}],"line":184},"8":{"loc":{"start":{"line":188,"column":21},"end":{"line":188,"column":55}},"type":"binary-expr","locations":[{"start":{"line":188,"column":21},"end":{"line":188,"column":47}},{"start":{"line":188,"column":51},"end":{"line":188,"column":55}}],"line":188},"9":{"loc":{"start":{"line":203,"column":8},"end":{"line":238,"column":9}},"type":"if","locations":[{"start":{"line":203,"column":8},"end":{"line":238,"column":9}},{"start":{"line":236,"column":15},"end":{"line":238,"column":9}}],"line":203},"10":{"loc":{"start":{"line":245,"column":55},"end":{"line":245,"column":66}},"type":"default-arg","locations":[{"start":{"line":245,"column":64},"end":{"line":245,"column":66}}],"line":245},"11":{"loc":{"start":{"line":245,"column":68},"end":{"line":245,"column":79}},"type":"default-arg","locations":[{"start":{"line":245,"column":75},"end":{"line":245,"column":79}}],"line":245},"12":{"loc":{"start":{"line":248,"column":8},"end":{"line":251,"column":9}},"type":"if","locations":[{"start":{"line":248,"column":8},"end":{"line":251,"column":9}},{"start":{},"end":{}}],"line":248},"13":{"loc":{"start":{"line":274,"column":8},"end":{"line":278,"column":9}},"type":"if","locations":[{"start":{"line":274,"column":8},"end":{"line":278,"column":9}},{"start":{"line":276,"column":15},"end":{"line":278,"column":9}}],"line":274},"14":{"loc":{"start":{"line":291,"column":24},"end":{"line":291,"column":57}},"type":"binary-expr","locations":[{"start":{"line":291,"column":24},"end":{"line":291,"column":51}},{"start":{"line":291,"column":55},"end":{"line":291,"column":57}}],"line":291},"15":{"loc":{"start":{"line":292,"column":24},"end":{"line":292,"column":56}},"type":"binary-expr","locations":[{"start":{"line":292,"column":24},"end":{"line":292,"column":50}},{"start":{"line":292,"column":54},"end":{"line":292,"column":56}}],"line":292},"16":{"loc":{"start":{"line":294,"column":4},"end":{"line":294,"column":62}},"type":"if","locations":[{"start":{"line":294,"column":4},"end":{"line":294,"column":62}},{"start":{},"end":{}}],"line":294},"17":{"loc":{"start":{"line":297,"column":4},"end":{"line":297,"column":35}},"type":"if","locations":[{"start":{"line":297,"column":4},"end":{"line":297,"column":35}},{"start":{},"end":{}}],"line":297},"18":{"loc":{"start":{"line":300,"column":4},"end":{"line":300,"column":32}},"type":"if","locations":[{"start":{"line":300,"column":4},"end":{"line":300,"column":32}},{"start":{},"end":{}}],"line":300},"19":{"loc":{"start":{"line":304,"column":24},"end":{"line":304,"column":97}},"type":"cond-expr","locations":[{"start":{"line":304,"column":45},"end":{"line":304,"column":82}},{"start":{"line":304,"column":86},"end":{"line":304,"column":97}}],"line":304},"20":{"loc":{"start":{"line":304,"column":45},"end":{"line":304,"column":82}},"type":"binary-expr","locations":[{"start":{"line":304,"column":45},"end":{"line":304,"column":67}},{"start":{"line":304,"column":71},"end":{"line":304,"column":82}}],"line":304},"21":{"loc":{"start":{"line":311,"column":43},"end":{"line":311,"column":105}},"type":"binary-expr","locations":[{"start":{"line":311,"column":43},"end":{"line":311,"column":63}},{"start":{"line":311,"column":67},"end":{"line":311,"column":88}},{"start":{"line":311,"column":92},"end":{"line":311,"column":105}}],"line":311},"22":{"loc":{"start":{"line":320,"column":4},"end":{"line":320,"column":39}},"type":"if","locations":[{"start":{"line":320,"column":4},"end":{"line":320,"column":39}},{"start":{},"end":{}}],"line":320},"23":{"loc":{"start":{"line":324,"column":4},"end":{"line":324,"column":39}},"type":"if","locations":[{"start":{"line":324,"column":4},"end":{"line":324,"column":39}},{"start":{},"end":{}}],"line":324},"24":{"loc":{"start":{"line":327,"column":29},"end":{"line":327,"column":62}},"type":"binary-expr","locations":[{"start":{"line":327,"column":29},"end":{"line":327,"column":56}},{"start":{"line":327,"column":60},"end":{"line":327,"column":62}}],"line":327},"25":{"loc":{"start":{"line":328,"column":4},"end":{"line":328,"column":51}},"type":"if","locations":[{"start":{"line":328,"column":4},"end":{"line":328,"column":51}},{"start":{},"end":{}}],"line":328},"26":{"loc":{"start":{"line":330,"column":23},"end":{"line":330,"column":82}},"type":"binary-expr","locations":[{"start":{"line":330,"column":23},"end":{"line":330,"column":44}},{"start":{"line":330,"column":48},"end":{"line":330,"column":70}},{"start":{"line":330,"column":74},"end":{"line":330,"column":82}}],"line":330},"27":{"loc":{"start":{"line":331,"column":24},"end":{"line":331,"column":67}},"type":"binary-expr","locations":[{"start":{"line":331,"column":24},"end":{"line":331,"column":51}},{"start":{"line":331,"column":55},"end":{"line":331,"column":67}}],"line":331},"28":{"loc":{"start":{"line":340,"column":56},"end":{"line":340,"column":86}},"type":"binary-expr","locations":[{"start":{"line":340,"column":56},"end":{"line":340,"column":80}},{"start":{"line":340,"column":84},"end":{"line":340,"column":86}}],"line":340},"29":{"loc":{"start":{"line":357,"column":4},"end":{"line":357,"column":37}},"type":"if","locations":[{"start":{"line":357,"column":4},"end":{"line":357,"column":37}},{"start":{},"end":{}}],"line":357},"30":{"loc":{"start":{"line":361,"column":4},"end":{"line":361,"column":39}},"type":"if","locations":[{"start":{"line":361,"column":4},"end":{"line":361,"column":39}},{"start":{},"end":{}}],"line":361},"31":{"loc":{"start":{"line":364,"column":29},"end":{"line":364,"column":62}},"type":"binary-expr","locations":[{"start":{"line":364,"column":29},"end":{"line":364,"column":56}},{"start":{"line":364,"column":60},"end":{"line":364,"column":62}}],"line":364},"32":{"loc":{"start":{"line":365,"column":4},"end":{"line":365,"column":51}},"type":"if","locations":[{"start":{"line":365,"column":4},"end":{"line":365,"column":51}},{"start":{},"end":{}}],"line":365},"33":{"loc":{"start":{"line":367,"column":23},"end":{"line":367,"column":82}},"type":"binary-expr","locations":[{"start":{"line":367,"column":23},"end":{"line":367,"column":44}},{"start":{"line":367,"column":48},"end":{"line":367,"column":70}},{"start":{"line":367,"column":74},"end":{"line":367,"column":82}}],"line":367},"34":{"loc":{"start":{"line":368,"column":28},"end":{"line":368,"column":64}},"type":"binary-expr","locations":[{"start":{"line":368,"column":28},"end":{"line":368,"column":48}},{"start":{"line":368,"column":52},"end":{"line":368,"column":64}}],"line":368},"35":{"loc":{"start":{"line":371,"column":4},"end":{"line":376,"column":5}},"type":"if","locations":[{"start":{"line":371,"column":4},"end":{"line":376,"column":5}},{"start":{},"end":{}}],"line":371},"36":{"loc":{"start":{"line":373,"column":8},"end":{"line":375,"column":9}},"type":"if","locations":[{"start":{"line":373,"column":8},"end":{"line":375,"column":9}},{"start":{},"end":{}}],"line":373},"37":{"loc":{"start":{"line":374,"column":26},"end":{"line":374,"column":64}},"type":"binary-expr","locations":[{"start":{"line":374,"column":26},"end":{"line":374,"column":48}},{"start":{"line":374,"column":52},"end":{"line":374,"column":64}}],"line":374},"38":{"loc":{"start":{"line":405,"column":29},"end":{"line":405,"column":66}},"type":"binary-expr","locations":[{"start":{"line":405,"column":29},"end":{"line":405,"column":58}},{"start":{"line":405,"column":62},"end":{"line":405,"column":66}}],"line":405},"39":{"loc":{"start":{"line":406,"column":28},"end":{"line":406,"column":64}},"type":"binary-expr","locations":[{"start":{"line":406,"column":28},"end":{"line":406,"column":56}},{"start":{"line":406,"column":60},"end":{"line":406,"column":64}}],"line":406},"40":{"loc":{"start":{"line":409,"column":4},"end":{"line":409,"column":38}},"type":"if","locations":[{"start":{"line":409,"column":4},"end":{"line":409,"column":38}},{"start":{},"end":{}}],"line":409},"41":{"loc":{"start":{"line":410,"column":4},"end":{"line":413,"column":5}},"type":"if","locations":[{"start":{"line":410,"column":4},"end":{"line":413,"column":5}},{"start":{},"end":{}}],"line":410},"42":{"loc":{"start":{"line":410,"column":8},"end":{"line":411,"column":75}},"type":"binary-expr","locations":[{"start":{"line":410,"column":8},"end":{"line":410,"column":24}},{"start":{"line":410,"column":28},"end":{"line":410,"column":57}},{"start":{"line":410,"column":61},"end":{"line":410,"column":89}},{"start":{"line":411,"column":8},"end":{"line":411,"column":75}}],"line":410},"43":{"loc":{"start":{"line":415,"column":29},"end":{"line":415,"column":61}},"type":"binary-expr","locations":[{"start":{"line":415,"column":29},"end":{"line":415,"column":55}},{"start":{"line":415,"column":59},"end":{"line":415,"column":61}}],"line":415},"44":{"loc":{"start":{"line":416,"column":4},"end":{"line":416,"column":51}},"type":"if","locations":[{"start":{"line":416,"column":4},"end":{"line":416,"column":51}},{"start":{},"end":{}}],"line":416},"45":{"loc":{"start":{"line":418,"column":23},"end":{"line":418,"column":80}},"type":"binary-expr","locations":[{"start":{"line":418,"column":23},"end":{"line":418,"column":43}},{"start":{"line":418,"column":47},"end":{"line":418,"column":68}},{"start":{"line":418,"column":72},"end":{"line":418,"column":80}}],"line":418},"46":{"loc":{"start":{"line":444,"column":4},"end":{"line":444,"column":34}},"type":"if","locations":[{"start":{"line":444,"column":4},"end":{"line":444,"column":34}},{"start":{},"end":{}}],"line":444},"47":{"loc":{"start":{"line":448,"column":4},"end":{"line":448,"column":37}},"type":"if","locations":[{"start":{"line":448,"column":4},"end":{"line":448,"column":37}},{"start":{},"end":{}}],"line":448},"48":{"loc":{"start":{"line":452,"column":4},"end":{"line":452,"column":57}},"type":"if","locations":[{"start":{"line":452,"column":4},"end":{"line":452,"column":57}},{"start":{},"end":{}}],"line":452},"49":{"loc":{"start":{"line":456,"column":4},"end":{"line":456,"column":39}},"type":"if","locations":[{"start":{"line":456,"column":4},"end":{"line":456,"column":39}},{"start":{},"end":{}}],"line":456},"50":{"loc":{"start":{"line":458,"column":4},"end":{"line":461,"column":5}},"type":"if","locations":[{"start":{"line":458,"column":4},"end":{"line":461,"column":5}},{"start":{},"end":{}}],"line":458},"51":{"loc":{"start":{"line":468,"column":28},"end":{"line":468,"column":61}},"type":"binary-expr","locations":[{"start":{"line":468,"column":28},"end":{"line":468,"column":48}},{"start":{"line":468,"column":52},"end":{"line":468,"column":61}}],"line":468},"52":{"loc":{"start":{"line":484,"column":24},"end":{"line":484,"column":46}},"type":"binary-expr","locations":[{"start":{"line":484,"column":24},"end":{"line":484,"column":40}},{"start":{"line":484,"column":44},"end":{"line":484,"column":46}}],"line":484},"53":{"loc":{"start":{"line":485,"column":23},"end":{"line":485,"column":44}},"type":"binary-expr","locations":[{"start":{"line":485,"column":23},"end":{"line":485,"column":38}},{"start":{"line":485,"column":42},"end":{"line":485,"column":44}}],"line":485},"54":{"loc":{"start":{"line":491,"column":4},"end":{"line":491,"column":46}},"type":"if","locations":[{"start":{"line":491,"column":4},"end":{"line":491,"column":46}},{"start":{},"end":{}}],"line":491},"55":{"loc":{"start":{"line":497,"column":4},"end":{"line":497,"column":49}},"type":"if","locations":[{"start":{"line":497,"column":4},"end":{"line":497,"column":49}},{"start":{},"end":{}}],"line":497},"56":{"loc":{"start":{"line":501,"column":4},"end":{"line":501,"column":39}},"type":"if","locations":[{"start":{"line":501,"column":4},"end":{"line":501,"column":39}},{"start":{},"end":{}}],"line":501},"57":{"loc":{"start":{"line":503,"column":4},"end":{"line":506,"column":5}},"type":"if","locations":[{"start":{"line":503,"column":4},"end":{"line":506,"column":5}},{"start":{},"end":{}}],"line":503},"58":{"loc":{"start":{"line":525,"column":4},"end":{"line":525,"column":37}},"type":"if","locations":[{"start":{"line":525,"column":4},"end":{"line":525,"column":37}},{"start":{},"end":{}}],"line":525},"59":{"loc":{"start":{"line":529,"column":4},"end":{"line":529,"column":39}},"type":"if","locations":[{"start":{"line":529,"column":4},"end":{"line":529,"column":39}},{"start":{},"end":{}}],"line":529},"60":{"loc":{"start":{"line":537,"column":28},"end":{"line":537,"column":110}},"type":"cond-expr","locations":[{"start":{"line":537,"column":52},"end":{"line":537,"column":94}},{"start":{"line":537,"column":98},"end":{"line":537,"column":110}}],"line":537},"61":{"loc":{"start":{"line":537,"column":52},"end":{"line":537,"column":94}},"type":"binary-expr","locations":[{"start":{"line":537,"column":52},"end":{"line":537,"column":78}},{"start":{"line":537,"column":82},"end":{"line":537,"column":94}}],"line":537},"62":{"loc":{"start":{"line":561,"column":4},"end":{"line":585,"column":5}},"type":"if","locations":[{"start":{"line":561,"column":4},"end":{"line":585,"column":5}},{"start":{},"end":{}}],"line":561},"63":{"loc":{"start":{"line":561,"column":8},"end":{"line":561,"column":106}},"type":"binary-expr","locations":[{"start":{"line":561,"column":8},"end":{"line":561,"column":39}},{"start":{"line":561,"column":43},"end":{"line":561,"column":74}},{"start":{"line":561,"column":78},"end":{"line":561,"column":106}}],"line":561},"64":{"loc":{"start":{"line":570,"column":28},"end":{"line":570,"column":55}},"type":"binary-expr","locations":[{"start":{"line":570,"column":28},"end":{"line":570,"column":42}},{"start":{"line":570,"column":46},"end":{"line":570,"column":55}}],"line":570},"65":{"loc":{"start":{"line":574,"column":8},"end":{"line":584,"column":9}},"type":"if","locations":[{"start":{"line":574,"column":8},"end":{"line":584,"column":9}},{"start":{"line":582,"column":15},"end":{"line":584,"column":9}}],"line":574},"66":{"loc":{"start":{"line":579,"column":32},"end":{"line":579,"column":59}},"type":"binary-expr","locations":[{"start":{"line":579,"column":32},"end":{"line":579,"column":46}},{"start":{"line":579,"column":50},"end":{"line":579,"column":59}}],"line":579},"67":{"loc":{"start":{"line":580,"column":22},"end":{"line":580,"column":57}},"type":"binary-expr","locations":[{"start":{"line":580,"column":22},"end":{"line":580,"column":49}},{"start":{"line":580,"column":53},"end":{"line":580,"column":57}}],"line":580},"68":{"loc":{"start":{"line":588,"column":4},"end":{"line":610,"column":5}},"type":"if","locations":[{"start":{"line":588,"column":4},"end":{"line":610,"column":5}},{"start":{},"end":{}}],"line":588},"69":{"loc":{"start":{"line":588,"column":8},"end":{"line":588,"column":106}},"type":"binary-expr","locations":[{"start":{"line":588,"column":8},"end":{"line":588,"column":39}},{"start":{"line":588,"column":43},"end":{"line":588,"column":74}},{"start":{"line":588,"column":78},"end":{"line":588,"column":106}}],"line":588},"70":{"loc":{"start":{"line":597,"column":28},"end":{"line":597,"column":55}},"type":"binary-expr","locations":[{"start":{"line":597,"column":28},"end":{"line":597,"column":42}},{"start":{"line":597,"column":46},"end":{"line":597,"column":55}}],"line":597},"71":{"loc":{"start":{"line":601,"column":8},"end":{"line":609,"column":9}},"type":"if","locations":[{"start":{"line":601,"column":8},"end":{"line":609,"column":9}},{"start":{},"end":{}}],"line":601},"72":{"loc":{"start":{"line":606,"column":32},"end":{"line":606,"column":59}},"type":"binary-expr","locations":[{"start":{"line":606,"column":32},"end":{"line":606,"column":46}},{"start":{"line":606,"column":50},"end":{"line":606,"column":59}}],"line":606},"73":{"loc":{"start":{"line":607,"column":22},"end":{"line":607,"column":57}},"type":"binary-expr","locations":[{"start":{"line":607,"column":22},"end":{"line":607,"column":49}},{"start":{"line":607,"column":53},"end":{"line":607,"column":57}}],"line":607},"74":{"loc":{"start":{"line":622,"column":4},"end":{"line":622,"column":36}},"type":"if","locations":[{"start":{"line":622,"column":4},"end":{"line":622,"column":36}},{"start":{},"end":{}}],"line":622},"75":{"loc":{"start":{"line":624,"column":18},"end":{"line":624,"column":55}},"type":"binary-expr","locations":[{"start":{"line":624,"column":18},"end":{"line":624,"column":37}},{"start":{"line":624,"column":41},"end":{"line":624,"column":55}}],"line":624},"76":{"loc":{"start":{"line":625,"column":17},"end":{"line":625,"column":44}},"type":"binary-expr","locations":[{"start":{"line":625,"column":17},"end":{"line":625,"column":38}},{"start":{"line":625,"column":42},"end":{"line":625,"column":44}}],"line":625},"77":{"loc":{"start":{"line":626,"column":25},"end":{"line":626,"column":62}},"type":"binary-expr","locations":[{"start":{"line":626,"column":25},"end":{"line":626,"column":53}},{"start":{"line":626,"column":57},"end":{"line":626,"column":62}}],"line":626},"78":{"loc":{"start":{"line":629,"column":4},"end":{"line":633,"column":5}},"type":"if","locations":[{"start":{"line":629,"column":4},"end":{"line":633,"column":5}},{"start":{"line":631,"column":11},"end":{"line":633,"column":5}}],"line":629},"79":{"loc":{"start":{"line":631,"column":11},"end":{"line":633,"column":5}},"type":"if","locations":[{"start":{"line":631,"column":11},"end":{"line":633,"column":5}},{"start":{},"end":{}}],"line":631},"80":{"loc":{"start":{"line":645,"column":12},"end":{"line":647,"column":13}},"type":"if","locations":[{"start":{"line":645,"column":12},"end":{"line":647,"column":13}},{"start":{},"end":{}}],"line":645},"81":{"loc":{"start":{"line":648,"column":12},"end":{"line":650,"column":13}},"type":"if","locations":[{"start":{"line":648,"column":12},"end":{"line":650,"column":13}},{"start":{},"end":{}}],"line":648},"82":{"loc":{"start":{"line":653,"column":12},"end":{"line":653,"column":38}},"type":"if","locations":[{"start":{"line":653,"column":12},"end":{"line":653,"column":38}},{"start":{},"end":{}}],"line":653},"83":{"loc":{"start":{"line":658,"column":16},"end":{"line":660,"column":17}},"type":"if","locations":[{"start":{"line":658,"column":16},"end":{"line":660,"column":17}},{"start":{},"end":{}}],"line":658},"84":{"loc":{"start":{"line":658,"column":20},"end":{"line":658,"column":68}},"type":"binary-expr","locations":[{"start":{"line":658,"column":20},"end":{"line":658,"column":33}},{"start":{"line":658,"column":37},"end":{"line":658,"column":68}}],"line":658},"85":{"loc":{"start":{"line":665,"column":12},"end":{"line":678,"column":13}},"type":"if","locations":[{"start":{"line":665,"column":12},"end":{"line":678,"column":13}},{"start":{},"end":{}}],"line":665},"86":{"loc":{"start":{"line":708,"column":4},"end":{"line":708,"column":45}},"type":"if","locations":[{"start":{"line":708,"column":4},"end":{"line":708,"column":45}},{"start":{},"end":{}}],"line":708},"87":{"loc":{"start":{"line":713,"column":29},"end":{"line":713,"column":100}},"type":"cond-expr","locations":[{"start":{"line":713,"column":51},"end":{"line":713,"column":87}},{"start":{"line":713,"column":91},"end":{"line":713,"column":100}}],"line":713},"88":{"loc":{"start":{"line":713,"column":51},"end":{"line":713,"column":87}},"type":"binary-expr","locations":[{"start":{"line":713,"column":51},"end":{"line":713,"column":74}},{"start":{"line":713,"column":78},"end":{"line":713,"column":87}}],"line":713},"89":{"loc":{"start":{"line":738,"column":4},"end":{"line":740,"column":5}},"type":"if","locations":[{"start":{"line":738,"column":4},"end":{"line":740,"column":5}},{"start":{},"end":{}}],"line":738},"90":{"loc":{"start":{"line":743,"column":4},"end":{"line":745,"column":5}},"type":"if","locations":[{"start":{"line":743,"column":4},"end":{"line":745,"column":5}},{"start":{},"end":{}}],"line":743},"91":{"loc":{"start":{"line":743,"column":8},"end":{"line":743,"column":40}},"type":"binary-expr","locations":[{"start":{"line":743,"column":8},"end":{"line":743,"column":21}},{"start":{"line":743,"column":25},"end":{"line":743,"column":31}},{"start":{"line":743,"column":35},"end":{"line":743,"column":40}}],"line":743},"92":{"loc":{"start":{"line":749,"column":4},"end":{"line":751,"column":5}},"type":"if","locations":[{"start":{"line":749,"column":4},"end":{"line":751,"column":5}},{"start":{},"end":{}}],"line":749},"93":{"loc":{"start":{"line":749,"column":8},"end":{"line":749,"column":62}},"type":"binary-expr","locations":[{"start":{"line":749,"column":8},"end":{"line":749,"column":25}},{"start":{"line":749,"column":29},"end":{"line":749,"column":62}}],"line":749},"94":{"loc":{"start":{"line":756,"column":8},"end":{"line":758,"column":9}},"type":"if","locations":[{"start":{"line":756,"column":8},"end":{"line":758,"column":9}},{"start":{},"end":{}}],"line":756},"95":{"loc":{"start":{"line":777,"column":8},"end":{"line":798,"column":9}},"type":"if","locations":[{"start":{"line":777,"column":8},"end":{"line":798,"column":9}},{"start":{"line":796,"column":15},"end":{"line":798,"column":9}}],"line":777},"96":{"loc":{"start":{"line":803,"column":41},"end":{"line":803,"column":86}},"type":"binary-expr","locations":[{"start":{"line":803,"column":41},"end":{"line":803,"column":52}},{"start":{"line":803,"column":56},"end":{"line":803,"column":86}}],"line":803},"97":{"loc":{"start":{"line":813,"column":4},"end":{"line":813,"column":32}},"type":"if","locations":[{"start":{"line":813,"column":4},"end":{"line":813,"column":32}},{"start":{},"end":{}}],"line":813},"98":{"loc":{"start":{"line":824,"column":8},"end":{"line":824,"column":44}},"type":"if","locations":[{"start":{"line":824,"column":8},"end":{"line":824,"column":44}},{"start":{},"end":{}}],"line":824},"99":{"loc":{"start":{"line":828,"column":8},"end":{"line":828,"column":62}},"type":"if","locations":[{"start":{"line":828,"column":8},"end":{"line":828,"column":62}},{"start":{},"end":{}}],"line":828},"100":{"loc":{"start":{"line":832,"column":8},"end":{"line":832,"column":43}},"type":"if","locations":[{"start":{"line":832,"column":8},"end":{"line":832,"column":43}},{"start":{},"end":{}}],"line":832},"101":{"loc":{"start":{"line":834,"column":8},"end":{"line":837,"column":9}},"type":"if","locations":[{"start":{"line":834,"column":8},"end":{"line":837,"column":9}},{"start":{},"end":{}}],"line":834},"102":{"loc":{"start":{"line":844,"column":32},"end":{"line":844,"column":63}},"type":"binary-expr","locations":[{"start":{"line":844,"column":32},"end":{"line":844,"column":50}},{"start":{"line":844,"column":54},"end":{"line":844,"column":63}}],"line":844}},"s":{"0":1,"1":1,"2":1,"3":1,"4":1,"5":1,"6":22,"7":22,"8":22,"9":22,"10":1,"11":1,"12":1,"13":1,"14":21,"15":21,"16":29,"17":21,"18":10,"19":10,"20":10,"21":10,"22":0,"23":10,"24":10,"25":10,"26":10,"27":10,"28":10,"29":10,"30":10,"31":10,"32":10,"33":0,"34":0,"35":1,"36":1,"37":1,"38":0,"39":0,"40":1,"41":1,"42":1,"43":1,"44":1,"45":1,"46":0,"47":1,"48":0,"49":1,"50":1,"51":1,"52":1,"53":1,"54":1,"55":0,"56":1,"57":1,"58":1,"59":0,"60":1,"61":1,"62":0,"63":1,"64":1,"65":1,"66":1,"67":1,"68":1,"69":0,"70":1,"71":1,"72":0,"73":1,"74":1,"75":1,"76":0,"77":1,"78":1,"79":1,"80":1,"81":1,"82":1,"83":1,"84":1,"85":1,"86":0,"87":1,"88":1,"89":0,"90":1,"91":1,"92":1,"93":0,"94":1,"95":1,"96":1,"97":1,"98":1,"99":1,"100":1,"101":1,"102":1,"103":1,"104":1,"105":1,"106":1,"107":1,"108":1,"109":1,"110":1,"111":0,"112":1,"113":0,"114":1,"115":1,"116":0,"117":1,"118":1,"119":1,"120":1,"121":1,"122":1,"123":1,"124":1,"125":0,"126":1,"127":1,"128":0,"129":1,"130":1,"131":0,"132":1,"133":1,"134":0,"135":1,"136":1,"137":0,"138":0,"139":1,"140":1,"141":1,"142":1,"143":1,"144":1,"145":1,"146":1,"147":1,"148":0,"149":1,"150":1,"151":1,"152":0,"153":1,"154":1,"155":0,"156":1,"157":1,"158":0,"159":0,"160":1,"161":1,"162":1,"163":1,"164":0,"165":1,"166":1,"167":0,"168":1,"169":1,"170":1,"171":1,"172":1,"173":1,"174":1,"175":1,"176":1,"177":1,"178":1,"179":1,"180":1,"181":0,"182":1,"183":0,"184":0,"185":0,"186":0,"187":1,"188":1,"189":1,"190":1,"191":0,"192":1,"193":1,"194":1,"195":1,"196":1,"197":0,"198":1,"199":0,"200":1,"201":1,"202":1,"203":1,"204":1,"205":1,"206":1,"207":2,"208":2,"209":0,"210":2,"211":1,"212":2,"213":2,"214":1,"215":1,"216":1,"217":1,"218":1,"219":1,"220":1,"221":1,"222":1,"223":1,"224":1,"225":1,"226":1,"227":1,"228":1,"229":0,"230":1,"231":1,"232":1,"233":1,"234":1,"235":0,"236":1,"237":1,"238":1,"239":1,"240":0,"241":1,"242":1,"243":1,"244":0,"245":1,"246":1,"247":0,"248":1,"249":1,"250":0,"251":1,"252":1,"253":1,"254":0,"255":1,"256":1,"257":1,"258":1,"259":0,"260":0,"261":1,"262":1,"263":0,"264":0,"265":1,"266":1,"267":1,"268":0,"269":1,"270":1,"271":1,"272":0,"273":1,"274":1,"275":0,"276":1,"277":1,"278":0,"279":1,"280":1,"281":0,"282":0,"283":1,"284":0,"285":1,"286":1,"287":0},"f":{"0":22,"1":10,"2":1,"3":1,"4":1,"5":1,"6":1,"7":1,"8":1,"9":1,"10":1,"11":1,"12":1,"13":1,"14":1,"15":1,"16":1,"17":1,"18":1,"19":1,"20":1,"21":0},"b":{"0":[0],"1":[22,0],"2":[1,21],"3":[0,1],"4":[21,0],"5":[1],"6":[3],"7":[0,10],"8":[10,10],"9":[10,0],"10":[0],"11":[0],"12":[0,1],"13":[0,1],"14":[1,0],"15":[1,0],"16":[0,1],"17":[0,1],"18":[0,1],"19":[1,0],"20":[1,1],"21":[1,1,1],"22":[0,1],"23":[0,1],"24":[1,0],"25":[0,1],"26":[1,1,1],"27":[1,1],"28":[1,0],"29":[0,1],"30":[0,1],"31":[1,0],"32":[0,1],"33":[1,1,1],"34":[1,0],"35":[1,0],"36":[1,0],"37":[1,1],"38":[1,0],"39":[1,0],"40":[0,1],"41":[0,1],"42":[1,1,1,1],"43":[1,0],"44":[0,1],"45":[1,1,1],"46":[0,1],"47":[0,1],"48":[0,1],"49":[0,1],"50":[0,1],"51":[1,1],"52":[1,0],"53":[1,0],"54":[0,1],"55":[0,1],"56":[0,1],"57":[0,1],"58":[0,1],"59":[0,1],"60":[1,0],"61":[1,0],"62":[1,0],"63":[1,1,1],"64":[1,0],"65":[1,0],"66":[1,0],"67":[1,1],"68":[0,1],"69":[1,1,0],"70":[0,0],"71":[0,0],"72":[0,0],"73":[0,0],"74":[0,1],"75":[1,0],"76":[1,0],"77":[1,0],"78":[0,1],"79":[0,1],"80":[0,2],"81":[1,1],"82":[1,1],"83":[1,0],"84":[1,1],"85":[1,0],"86":[0,1],"87":[1,0],"88":[1,1],"89":[0,1],"90":[0,1],"91":[1,1,1],"92":[0,1],"93":[1,1],"94":[0,1],"95":[0,1],"96":[0,0],"97":[0,1],"98":[0,1],"99":[0,1],"100":[0,1],"101":[0,1],"102":[1,1]},"_coverageSchema":"1a1c01bbd47fc00a2c39e90264f33305004495a9","hash":"2cd3b57783b53cba5b09cda42cb7872c3b8a65ba"}
}
