TN:
SF:livekit.js
FN:22,hashRoomName
FN:34,(anonymous_1)
FN:153,(anonymous_2)
FN:189,(anonymous_3)
FN:191,(anonymous_4)
FN:202,(anonymous_5)
FN:327,(anonymous_6)
FN:358,(anonymous_7)
FN:435,(anonymous_8)
FN:548,(anonymous_9)
FN:593,(anonymous_10)
FNF:11
FNH:11
FNDA:6,hashRoomName
FNDA:4,(anonymous_1)
FNDA:6,(anonymous_2)
FNDA:1,(anonymous_3)
FNDA:1,(anonymous_4)
FNDA:1,(anonymous_5)
FNDA:1,(anonymous_6)
FNDA:1,(anonymous_7)
FNDA:1,(anonymous_8)
FNDA:1,(anonymous_9)
FNDA:1,(anonymous_10)
DA:1,1
DA:2,1
DA:3,1
DA:4,1
DA:5,1
DA:6,1
DA:7,1
DA:12,1
DA:13,1
DA:14,1
DA:15,1
DA:16,1
DA:17,1
DA:23,6
DA:29,1
DA:36,4
DA:37,1
DA:40,3
DA:41,3
DA:42,1
DA:45,2
DA:47,2
DA:49,2
DA:54,2
DA:55,1
DA:58,1
DA:59,1
DA:61,1
DA:62,1
DA:63,1
DA:66,1
DA:67,0
DA:71,1
DA:72,1
DA:73,1
DA:76,1
DA:77,1
DA:79,1
DA:82,1
DA:83,1
DA:89,1
DA:91,1
DA:102,1
DA:103,0
DA:106,1
DA:108,1
DA:112,1
DA:114,1
DA:117,1
DA:118,1
DA:129,0
DA:132,1
DA:138,1
DA:139,1
DA:140,0
DA:147,1
DA:154,6
DA:156,5
DA:157,5
DA:158,0
DA:161,5
DA:164,5
DA:165,5
DA:166,5
DA:167,5
DA:168,1
DA:171,4
DA:172,4
DA:173,4
DA:176,4
DA:177,1
DA:182,1
DA:187,1
DA:188,1
DA:189,1
DA:190,1
DA:191,1
DA:193,1
DA:202,1
DA:208,1
DA:209,1
DA:214,1
DA:215,1
DA:216,1
DA:217,1
DA:218,1
DA:220,1
DA:222,1
DA:223,1
DA:224,0
DA:225,0
DA:228,1
DA:229,1
DA:232,1
DA:244,1
DA:246,0
DA:249,0
DA:253,0
DA:256,1
DA:258,0
DA:259,0
DA:260,0
DA:265,3
DA:266,0
DA:269,3
DA:275,3
DA:276,3
DA:278,1
DA:279,1
DA:280,1
DA:281,1
DA:282,1
DA:285,1
DA:288,2
DA:289,1
DA:290,1
DA:291,2
DA:292,1
DA:293,1
DA:296,1
DA:299,1
DA:300,1
DA:301,1
DA:304,0
DA:306,0
DA:307,0
DA:308,0
DA:315,1
DA:328,1
DA:330,1
DA:331,1
DA:332,1
DA:334,1
DA:336,1
DA:337,1
DA:338,1
DA:340,1
DA:342,1
DA:343,0
DA:346,1
DA:347,1
DA:348,1
DA:350,1
DA:357,1
DA:358,1
DA:359,1
DA:360,1
DA:363,0
DA:364,0
DA:366,0
DA:383,0
DA:387,0
DA:390,0
DA:404,0
DA:405,0
DA:416,0
DA:421,0
DA:422,0
DA:423,0
DA:430,1
DA:431,1
DA:433,1
DA:436,1
DA:437,1
DA:443,1
DA:444,1
DA:446,1
DA:447,1
DA:449,1
DA:450,1
DA:451,1
DA:452,1
DA:453,1
DA:454,1
DA:458,1
DA:463,1
DA:464,1
DA:465,1
DA:466,1
DA:471,1
DA:472,1
DA:473,1
DA:474,1
DA:475,1
DA:476,1
DA:478,1
DA:479,1
DA:482,0
DA:486,1
DA:487,0
DA:488,0
DA:489,0
DA:490,0
DA:492,0
DA:493,0
DA:494,0
DA:495,0
DA:496,0
DA:497,0
DA:498,0
DA:499,0
DA:500,0
DA:504,0
DA:508,1
DA:510,1
DA:511,1
DA:512,1
DA:515,1
DA:525,1
DA:526,1
DA:528,0
DA:529,0
DA:532,0
DA:536,1
DA:538,0
DA:539,0
DA:543,1
DA:549,1
DA:551,1
DA:552,1
DA:554,1
DA:557,1
DA:558,1
DA:559,1
DA:560,0
DA:563,1
DA:572,1
DA:573,1
DA:574,1
DA:576,1
DA:583,1
DA:585,1
DA:588,1
DA:594,1
DA:596,1
DA:597,1
DA:599,1
DA:600,1
DA:601,1
DA:602,1
DA:603,0
DA:606,1
DA:607,1
DA:608,1
DA:610,1
DA:619,1
LF:246
LH:193
BRDA:36,0,0,1
BRDA:36,0,1,3
BRDA:41,1,0,1
BRDA:41,1,1,2
BRDA:54,2,0,1
BRDA:54,2,1,1
BRDA:59,3,0,1
BRDA:59,3,1,0
BRDA:62,4,0,1
BRDA:62,4,1,1
BRDA:66,5,0,0
BRDA:66,5,1,1
BRDA:66,6,0,1
BRDA:66,6,1,0
BRDA:66,6,2,0
BRDA:79,7,0,1
BRDA:79,7,1,0
BRDA:79,7,2,0
BRDA:82,8,0,0
BRDA:82,8,1,1
BRDA:82,9,0,1
BRDA:82,9,1,1
BRDA:89,10,0,1
BRDA:89,10,1,0
BRDA:102,11,0,0
BRDA:102,11,1,1
BRDA:102,12,0,1
BRDA:102,12,1,0
BRDA:109,13,0,1
BRDA:109,13,1,0
BRDA:110,14,0,1
BRDA:110,14,1,1
BRDA:110,14,2,1
BRDA:124,15,0,1
BRDA:124,15,1,0
BRDA:139,16,0,1
BRDA:139,16,1,0
BRDA:154,17,0,1
BRDA:154,17,1,5
BRDA:157,18,0,0
BRDA:157,18,1,5
BRDA:157,19,0,5
BRDA:157,19,1,5
BRDA:165,20,0,0
BRDA:165,20,1,5
BRDA:167,21,0,1
BRDA:167,21,1,4
BRDA:176,22,0,1
BRDA:176,22,1,3
BRDA:190,23,0,1
BRDA:190,23,1,0
BRDA:214,24,0,1
BRDA:214,24,1,0
BRDA:220,25,0,1
BRDA:220,25,1,0
BRDA:220,26,0,1
BRDA:220,26,1,1
BRDA:223,27,0,0
BRDA:223,27,1,1
BRDA:224,28,0,0
BRDA:224,28,1,0
BRDA:237,29,0,1
BRDA:237,29,1,1
BRDA:240,30,0,1
BRDA:240,30,1,1
BRDA:259,31,0,0
BRDA:259,31,1,0
BRDA:265,32,0,0
BRDA:265,32,1,3
BRDA:276,33,0,1
BRDA:276,33,1,2
BRDA:280,34,0,1
BRDA:280,34,1,0
BRDA:288,35,0,1
BRDA:288,35,1,1
BRDA:291,36,0,1
BRDA:291,36,1,1
BRDA:299,37,0,1
BRDA:299,37,1,0
BRDA:307,38,0,0
BRDA:307,38,1,0
BRDA:328,39,0,0
BRDA:328,39,1,1
BRDA:331,40,0,0
BRDA:331,40,1,1
BRDA:332,41,0,0
BRDA:332,41,1,1
BRDA:332,42,0,1
BRDA:332,42,1,1
BRDA:338,43,0,0
BRDA:338,43,1,1
BRDA:342,44,0,0
BRDA:342,44,1,1
BRDA:359,45,0,1
BRDA:359,45,1,0
BRDA:383,46,0,0
BRDA:383,46,1,0
BRDA:422,47,0,0
BRDA:422,47,1,0
BRDA:443,48,0,1
BRDA:443,48,1,0
BRDA:444,49,0,1
BRDA:444,49,1,0
BRDA:449,50,0,1
BRDA:449,50,1,0
BRDA:463,51,0,1
BRDA:463,51,1,0
BRDA:473,52,0,1
BRDA:473,52,1,0
BRDA:474,53,0,1
BRDA:474,53,1,0
BRDA:486,54,0,0
BRDA:486,54,1,1
BRDA:488,55,0,0
BRDA:488,55,1,0
BRDA:488,56,0,0
BRDA:488,56,1,0
BRDA:488,56,2,0
BRDA:494,57,0,0
BRDA:494,57,1,0
BRDA:494,58,0,0
BRDA:494,58,1,0
BRDA:497,59,0,0
BRDA:497,59,1,0
BRDA:508,60,0,1
BRDA:508,60,1,0
BRDA:508,61,0,1
BRDA:508,61,1,0
BRDA:520,62,0,1
BRDA:520,62,1,0
BRDA:549,63,0,0
BRDA:549,63,1,1
BRDA:551,64,0,1
BRDA:552,65,0,0
BRDA:552,65,1,1
BRDA:558,66,0,0
BRDA:558,66,1,1
BRDA:559,67,0,0
BRDA:559,67,1,1
BRDA:573,68,0,0
BRDA:573,68,1,1
BRDA:594,69,0,0
BRDA:594,69,1,1
BRDA:597,70,0,0
BRDA:597,70,1,1
BRDA:597,71,0,1
BRDA:597,71,1,1
BRDA:601,72,0,0
BRDA:601,72,1,1
BRDA:602,73,0,0
BRDA:602,73,1,1
BRDA:607,74,0,0
BRDA:607,74,1,1
BRDA:615,75,0,1
BRDA:615,75,1,1
BRF:155
BRH:86
end_of_record
TN:
SF:notifications.js
FN:11,getLocalizedText
FN:180,sendNotification
FN:245,sendEmail
FN:287,(anonymous_3)
FN:296,(anonymous_4)
FN:318,(anonymous_5)
FN:334,(anonymous_6)
FN:355,(anonymous_7)
FN:379,(anonymous_8)
FN:400,(anonymous_9)
FN:421,(anonymous_10)
FN:442,(anonymous_11)
FN:479,(anonymous_12)
FN:488,(anonymous_13)
FN:523,(anonymous_14)
FN:554,(anonymous_15)
FN:620,(anonymous_16)
FN:656,(anonymous_17)
FN:703,(anonymous_18)
FN:736,(anonymous_19)
FN:811,(anonymous_20)
FN:862,(anonymous_21)
FNF:22
FNH:21
FNDA:22,getLocalizedText
FNDA:10,sendNotification
FNDA:1,sendEmail
FNDA:1,(anonymous_3)
FNDA:1,(anonymous_4)
FNDA:1,(anonymous_5)
FNDA:1,(anonymous_6)
FNDA:1,(anonymous_7)
FNDA:1,(anonymous_8)
FNDA:1,(anonymous_9)
FNDA:1,(anonymous_10)
FNDA:1,(anonymous_11)
FNDA:1,(anonymous_12)
FNDA:1,(anonymous_13)
FNDA:1,(anonymous_14)
FNDA:1,(anonymous_15)
FNDA:1,(anonymous_16)
FNDA:1,(anonymous_17)
FNDA:1,(anonymous_18)
FNDA:1,(anonymous_19)
FNDA:1,(anonymous_20)
FNDA:0,(anonymous_21)
DA:1,1
DA:2,1
DA:3,1
DA:4,1
DA:6,1
DA:8,1
DA:12,22
DA:105,22
DA:123,22
DA:125,22
DA:126,1
DA:127,1
DA:128,1
DA:130,1
DA:171,21
DA:173,21
DA:174,29
DA:176,21
DA:181,10
DA:182,10
DA:183,10
DA:184,10
DA:186,10
DA:187,10
DA:188,10
DA:190,10
DA:191,10
DA:194,10
DA:203,10
DA:204,10
DA:205,10
DA:235,10
DA:237,0
DA:240,0
DA:246,1
DA:247,1
DA:248,1
DA:249,0
DA:250,0
DA:253,1
DA:255,1
DA:256,1
DA:258,1
DA:273,1
DA:274,1
DA:275,0
DA:277,1
DA:280,0
DA:287,1
DA:288,1
DA:289,1
DA:291,1
DA:292,1
DA:294,1
DA:296,1
DA:297,1
DA:299,1
DA:300,1
DA:303,1
DA:304,1
DA:306,1
DA:318,1
DA:319,1
DA:320,1
DA:323,1
DA:324,1
DA:326,1
DA:327,1
DA:328,1
DA:330,1
DA:331,1
DA:334,1
DA:335,1
DA:348,1
DA:349,1
DA:355,1
DA:356,1
DA:357,1
DA:360,1
DA:361,1
DA:363,1
DA:364,1
DA:365,1
DA:367,1
DA:368,1
DA:370,1
DA:371,1
DA:372,1
DA:373,1
DA:374,1
DA:379,1
DA:380,1
DA:393,1
DA:394,1
DA:400,1
DA:401,1
DA:402,1
DA:405,1
DA:406,1
DA:409,1
DA:410,1
DA:412,0
DA:415,1
DA:416,1
DA:418,1
DA:421,1
DA:422,1
DA:435,1
DA:436,1
DA:442,1
DA:443,1
DA:444,1
DA:447,1
DA:448,1
DA:450,1
DA:452,1
DA:455,1
DA:456,1
DA:457,1
DA:458,1
DA:459,0
DA:460,0
DA:463,1
DA:479,1
DA:480,1
DA:481,1
DA:484,1
DA:485,1
DA:488,1
DA:491,1
DA:493,1
DA:494,1
DA:497,1
DA:500,1
DA:501,1
DA:502,1
DA:503,1
DA:504,0
DA:505,0
DA:508,1
DA:523,1
DA:524,1
DA:525,1
DA:528,1
DA:529,1
DA:530,1
DA:533,1
DA:537,1
DA:539,1
DA:551,1
DA:555,1
DA:556,1
DA:558,1
DA:561,1
DA:562,1
DA:565,1
DA:574,1
DA:575,1
DA:583,0
DA:588,1
DA:589,0
DA:592,0
DA:601,0
DA:602,0
DA:611,1
DA:620,1
DA:621,1
DA:622,1
DA:624,1
DA:625,1
DA:626,1
DA:628,1
DA:629,1
DA:630,0
DA:631,1
DA:632,0
DA:635,1
DA:636,1
DA:638,1
DA:639,1
DA:640,1
DA:641,1
DA:643,1
DA:644,2
DA:645,2
DA:646,0
DA:648,2
DA:649,1
DA:652,2
DA:653,2
DA:655,1
DA:656,1
DA:657,1
DA:658,1
DA:659,1
DA:661,1
DA:662,1
DA:665,1
DA:666,1
DA:673,1
DA:677,1
DA:680,1
DA:683,1
DA:689,1
DA:692,0
DA:695,1
DA:703,1
DA:704,1
DA:705,1
DA:708,1
DA:710,1
DA:712,1
DA:713,1
DA:715,1
DA:727,0
DA:730,1
DA:736,1
DA:738,1
DA:739,0
DA:742,1
DA:743,1
DA:744,0
DA:748,1
DA:749,1
DA:750,0
DA:753,1
DA:755,1
DA:756,1
DA:757,0
DA:760,1
DA:761,1
DA:764,1
DA:777,1
DA:778,0
DA:795,0
DA:797,1
DA:800,1
DA:802,0
DA:803,0
DA:811,1
DA:812,1
DA:813,1
DA:815,1
DA:817,1
DA:824,1
DA:826,1
DA:828,1
DA:831,1
DA:832,1
DA:833,1
DA:834,1
DA:835,0
DA:836,0
DA:839,1
DA:852,0
DA:855,1
DA:862,1
DA:863,0
LF:258
LH:225
BRDA:11,0,0,0
BRDA:123,1,0,22
BRDA:123,1,1,0
BRDA:125,2,0,1
BRDA:125,2,1,21
BRDA:136,3,0,0
BRDA:136,3,1,1
BRDA:171,4,0,21
BRDA:171,4,1,0
BRDA:180,5,0,1
BRDA:180,6,0,3
BRDA:184,7,0,0
BRDA:184,7,1,10
BRDA:188,8,0,10
BRDA:188,8,1,10
BRDA:203,9,0,10
BRDA:203,9,1,0
BRDA:245,10,0,0
BRDA:245,11,0,0
BRDA:248,12,0,0
BRDA:248,12,1,1
BRDA:274,13,0,0
BRDA:274,13,1,1
BRDA:291,14,0,1
BRDA:291,14,1,0
BRDA:292,15,0,1
BRDA:292,15,1,0
BRDA:294,16,0,0
BRDA:294,16,1,1
BRDA:297,17,0,0
BRDA:297,17,1,1
BRDA:300,18,0,0
BRDA:300,18,1,1
BRDA:304,19,0,1
BRDA:304,19,1,0
BRDA:304,20,0,1
BRDA:304,20,1,1
BRDA:311,21,0,1
BRDA:311,21,1,1
BRDA:311,21,2,1
BRDA:320,22,0,0
BRDA:320,22,1,1
BRDA:324,23,0,0
BRDA:324,23,1,1
BRDA:327,24,0,1
BRDA:327,24,1,0
BRDA:328,25,0,0
BRDA:328,25,1,1
BRDA:330,26,0,1
BRDA:330,26,1,1
BRDA:330,26,2,1
BRDA:331,27,0,1
BRDA:331,27,1,1
BRDA:340,28,0,1
BRDA:340,28,1,0
BRDA:357,29,0,0
BRDA:357,29,1,1
BRDA:361,30,0,0
BRDA:361,30,1,1
BRDA:364,31,0,1
BRDA:364,31,1,0
BRDA:365,32,0,0
BRDA:365,32,1,1
BRDA:367,33,0,1
BRDA:367,33,1,1
BRDA:367,33,2,1
BRDA:368,34,0,1
BRDA:368,34,1,0
BRDA:371,35,0,1
BRDA:371,35,1,0
BRDA:373,36,0,1
BRDA:373,36,1,0
BRDA:374,37,0,1
BRDA:374,37,1,1
BRDA:405,38,0,1
BRDA:405,38,1,0
BRDA:406,39,0,1
BRDA:406,39,1,0
BRDA:409,40,0,0
BRDA:409,40,1,1
BRDA:410,41,0,0
BRDA:410,41,1,1
BRDA:410,42,0,1
BRDA:410,42,1,1
BRDA:410,42,2,1
BRDA:410,42,3,1
BRDA:415,43,0,1
BRDA:415,43,1,0
BRDA:416,44,0,0
BRDA:416,44,1,1
BRDA:418,45,0,1
BRDA:418,45,1,1
BRDA:418,45,2,1
BRDA:444,46,0,0
BRDA:444,46,1,1
BRDA:448,47,0,0
BRDA:448,47,1,1
BRDA:452,48,0,0
BRDA:452,48,1,1
BRDA:456,49,0,0
BRDA:456,49,1,1
BRDA:458,50,0,0
BRDA:458,50,1,1
BRDA:468,51,0,1
BRDA:468,51,1,1
BRDA:484,52,0,1
BRDA:484,52,1,0
BRDA:485,53,0,1
BRDA:485,53,1,0
BRDA:491,54,0,0
BRDA:491,54,1,1
BRDA:497,55,0,0
BRDA:497,55,1,1
BRDA:501,56,0,0
BRDA:501,56,1,1
BRDA:503,57,0,0
BRDA:503,57,1,1
BRDA:525,58,0,0
BRDA:525,58,1,1
BRDA:529,59,0,0
BRDA:529,59,1,1
BRDA:537,60,0,1
BRDA:537,60,1,0
BRDA:537,61,0,1
BRDA:537,61,1,0
BRDA:561,62,0,1
BRDA:561,62,1,0
BRDA:561,63,0,1
BRDA:561,63,1,1
BRDA:561,63,2,1
BRDA:570,64,0,1
BRDA:570,64,1,0
BRDA:574,65,0,1
BRDA:574,65,1,0
BRDA:579,66,0,1
BRDA:579,66,1,0
BRDA:580,67,0,1
BRDA:580,67,1,1
BRDA:588,68,0,0
BRDA:588,68,1,1
BRDA:588,69,0,1
BRDA:588,69,1,1
BRDA:588,69,2,0
BRDA:597,70,0,0
BRDA:597,70,1,0
BRDA:601,71,0,0
BRDA:601,71,1,0
BRDA:606,72,0,0
BRDA:606,72,1,0
BRDA:607,73,0,0
BRDA:607,73,1,0
BRDA:622,74,0,0
BRDA:622,74,1,1
BRDA:624,75,0,1
BRDA:624,75,1,0
BRDA:625,76,0,1
BRDA:625,76,1,0
BRDA:626,77,0,1
BRDA:626,77,1,0
BRDA:629,78,0,0
BRDA:629,78,1,1
BRDA:631,79,0,0
BRDA:631,79,1,1
BRDA:645,80,0,0
BRDA:645,80,1,2
BRDA:648,81,0,1
BRDA:648,81,1,1
BRDA:653,82,0,1
BRDA:653,82,1,1
BRDA:658,83,0,1
BRDA:658,83,1,0
BRDA:658,84,0,1
BRDA:658,84,1,1
BRDA:665,85,0,1
BRDA:665,85,1,0
BRDA:708,86,0,0
BRDA:708,86,1,1
BRDA:713,87,0,1
BRDA:713,87,1,0
BRDA:713,88,0,1
BRDA:713,88,1,1
BRDA:738,89,0,0
BRDA:738,89,1,1
BRDA:743,90,0,0
BRDA:743,90,1,1
BRDA:743,91,0,1
BRDA:743,91,1,1
BRDA:743,91,2,1
BRDA:749,92,0,0
BRDA:749,92,1,1
BRDA:749,93,0,1
BRDA:749,93,1,1
BRDA:756,94,0,0
BRDA:756,94,1,1
BRDA:777,95,0,0
BRDA:777,95,1,1
BRDA:803,96,0,0
BRDA:803,96,1,0
BRDA:813,97,0,0
BRDA:813,97,1,1
BRDA:824,98,0,0
BRDA:824,98,1,1
BRDA:828,99,0,0
BRDA:828,99,1,1
BRDA:832,100,0,0
BRDA:832,100,1,1
BRDA:834,101,0,0
BRDA:834,101,1,1
BRDA:844,102,0,1
BRDA:844,102,1,1
BRF:210
BRH:124
end_of_record
